This is pdfTeX, Version 3.141592653-2.6-1.40.25 (MiKTeX 23.12) (preloaded format=pdflatex 2024.1.7)  6 MAR 2024 20:49
entering extended mode
 restricted \write18 enabled.
 %&-line parsing enabled.
**./DRAFT_2023.tex
(DRAFT_2023.tex
LaTeX2e <2023-11-01>
L3 programming layer <2023-12-11>
(C:\Users\james\AppData\Local\Programs\MiKTeX\tex/latex/base\article.cls
Document Class: article 2023/05/17 v1.4n Standard LaTeX document class
(C:\Users\james\AppData\Local\Programs\MiKTeX\tex/latex/base\size12.clo
File: size12.clo 2023/05/17 v1.4n Standard LaTeX file (size option)
)
\c@part=\count187
\c@section=\count188
\c@subsection=\count189
\c@subsubsection=\count190
\c@paragraph=\count191
\c@subparagraph=\count192
\c@figure=\count193
\c@table=\count194
\abovecaptionskip=\skip48
\belowcaptionskip=\skip49
\bibindent=\dimen140
)
(C:\Users\james\AppData\Local\Programs\MiKTeX\tex/latex/amsmath\amsmath.sty
Package: amsmath 2023/05/13 v2.17o AMS math features
\@mathmargin=\skip50

For additional information on amsmath, use the `?' option.
(C:\Users\james\AppData\Local\Programs\MiKTeX\tex/latex/amsmath\amstext.sty
Package: amstext 2021/08/26 v2.01 AMS text

(C:\Users\james\AppData\Local\Programs\MiKTeX\tex/latex/amsmath\amsgen.sty
File: amsgen.sty 1999/11/30 v2.0 generic functions
\@emptytoks=\toks17
\ex@=\dimen141
))
(C:\Users\james\AppData\Local\Programs\MiKTeX\tex/latex/amsmath\amsbsy.sty
Package: amsbsy 1999/11/29 v1.2d Bold Symbols
\pmbraise@=\dimen142
)
(C:\Users\james\AppData\Local\Programs\MiKTeX\tex/latex/amsmath\amsopn.sty
Package: amsopn 2022/04/08 v2.04 operator names
)
\inf@bad=\count195
LaTeX Info: Redefining \frac on input line 234.
\uproot@=\count196
\leftroot@=\count197
LaTeX Info: Redefining \overline on input line 399.
LaTeX Info: Redefining \colon on input line 410.
\classnum@=\count198
\DOTSCASE@=\count199
LaTeX Info: Redefining \ldots on input line 496.
LaTeX Info: Redefining \dots on input line 499.
LaTeX Info: Redefining \cdots on input line 620.
\Mathstrutbox@=\box51
\strutbox@=\box52
LaTeX Info: Redefining \big on input line 722.
LaTeX Info: Redefining \Big on input line 723.
LaTeX Info: Redefining \bigg on input line 724.
LaTeX Info: Redefining \Bigg on input line 725.
\big@size=\dimen143
LaTeX Font Info:    Redeclaring font encoding OML on input line 743.
LaTeX Font Info:    Redeclaring font encoding OMS on input line 744.
\macc@depth=\count266
LaTeX Info: Redefining \bmod on input line 905.
LaTeX Info: Redefining \pmod on input line 910.
LaTeX Info: Redefining \smash on input line 940.
LaTeX Info: Redefining \relbar on input line 970.
LaTeX Info: Redefining \Relbar on input line 971.
\c@MaxMatrixCols=\count267
\dotsspace@=\muskip16
\c@parentequation=\count268
\dspbrk@lvl=\count269
\tag@help=\toks18
\row@=\count270
\column@=\count271
\maxfields@=\count272
\andhelp@=\toks19
\eqnshift@=\dimen144
\alignsep@=\dimen145
\tagshift@=\dimen146
\tagwidth@=\dimen147
\totwidth@=\dimen148
\lineht@=\dimen149
\@envbody=\toks20
\multlinegap=\skip51
\multlinetaggap=\skip52
\mathdisplay@stack=\toks21
LaTeX Info: Redefining \[ on input line 2953.
LaTeX Info: Redefining \] on input line 2954.
)
(C:\Users\james\AppData\Local\Programs\MiKTeX\tex/latex/amsfonts\amssymb.sty
Package: amssymb 2013/01/14 v3.01 AMS font symbols

(C:\Users\james\AppData\Local\Programs\MiKTeX\tex/latex/amsfonts\amsfonts.sty
Package: amsfonts 2013/01/14 v3.01 Basic AMSFonts support
\symAMSa=\mathgroup4
\symAMSb=\mathgroup5
LaTeX Font Info:    Redeclaring math symbol \hbar on input line 98.
LaTeX Font Info:    Overwriting math alphabet `\mathfrak' in version `bold'
(Font)                  U/euf/m/n --> U/euf/b/n on input line 106.
)) (C:\Users\james\AppData\Local\Programs\MiKTeX\tex/latex/hyperref\hyperref.st
y
Package: hyperref 2023-11-26 v7.01g Hypertext links for LaTeX

(C:\Users\james\AppData\Local\Programs\MiKTeX\tex/generic/iftex\iftex.sty
Package: iftex 2022/02/03 v1.0f TeX engine tests
)
(C:\Users\james\AppData\Local\Programs\MiKTeX\tex/generic/infwarerr\infwarerr.s
ty
Package: infwarerr 2019/12/03 v1.5 Providing info/warning/error messages (HO)
) (C:\Users\james\AppData\Local\Programs\MiKTeX\tex/latex/graphics\keyval.sty
Package: keyval 2022/05/29 v1.15 key=value parser (DPC)
\KV@toks@=\toks22
)
(C:\Users\james\AppData\Local\Programs\MiKTeX\tex/latex/kvsetkeys\kvsetkeys.sty
Package: kvsetkeys 2022-10-05 v1.19 Key value parser (HO)
)
(C:\Users\james\AppData\Local\Programs\MiKTeX\tex/generic/kvdefinekeys\kvdefine
keys.sty
Package: kvdefinekeys 2019-12-19 v1.6 Define keys (HO)
)
(C:\Users\james\AppData\Local\Programs\MiKTeX\tex/generic/pdfescape\pdfescape.s
ty
Package: pdfescape 2019/12/09 v1.15 Implements pdfTeX's escape features (HO)

(C:\Users\james\AppData\Local\Programs\MiKTeX\tex/generic/ltxcmds\ltxcmds.sty
Package: ltxcmds 2023-12-04 v1.26 LaTeX kernel commands for general use (HO)
)
(C:\Users\james\AppData\Local\Programs\MiKTeX\tex/generic/pdftexcmds\pdftexcmds
.sty
Package: pdftexcmds 2020-06-27 v0.33 Utility functions of pdfTeX for LuaTeX (HO
)
Package pdftexcmds Info: \pdf@primitive is available.
Package pdftexcmds Info: \pdf@ifprimitive is available.
Package pdftexcmds Info: \pdfdraftmode found.
))
(C:\Users\james\AppData\Local\Programs\MiKTeX\tex/latex/hycolor\hycolor.sty
Package: hycolor 2020-01-27 v1.10 Color options for hyperref/bookmark (HO)
)
(C:\Users\james\AppData\Local\Programs\MiKTeX\tex/latex/letltxmacro\letltxmacro
.sty
Package: letltxmacro 2019/12/03 v1.6 Let assignment for LaTeX macros (HO)
)
(C:\Users\james\AppData\Local\Programs\MiKTeX\tex/latex/auxhook\auxhook.sty
Package: auxhook 2019-12-17 v1.6 Hooks for auxiliary files (HO)
)
(C:\Users\james\AppData\Local\Programs\MiKTeX\tex/latex/hyperref\nameref.sty
Package: nameref 2023-11-26 v2.56 Cross-referencing by name of section

(C:\Users\james\AppData\Local\Programs\MiKTeX\tex/latex/refcount\refcount.sty
Package: refcount 2019/12/15 v3.6 Data extraction from label references (HO)
)
(C:\Users\james\AppData\Local\Programs\MiKTeX\tex/generic/gettitlestring\gettit
lestring.sty
Package: gettitlestring 2019/12/15 v1.6 Cleanup title references (HO)

(C:\Users\james\AppData\Local\Programs\MiKTeX\tex/latex/kvoptions\kvoptions.sty
Package: kvoptions 2022-06-15 v3.15 Key value format for package options (HO)
))
\c@section@level=\count273
)
(C:\Users\james\AppData\Local\Programs\MiKTeX\tex/latex/etoolbox\etoolbox.sty
Package: etoolbox 2020/10/05 v2.5k e-TeX tools for LaTeX (JAW)
\etb@tempcnta=\count274
)
\@linkdim=\dimen150
\Hy@linkcounter=\count275
\Hy@pagecounter=\count276

(C:\Users\james\AppData\Local\Programs\MiKTeX\tex/latex/hyperref\pd1enc.def
File: pd1enc.def 2023-11-26 v7.01g Hyperref: PDFDocEncoding definition (HO)
Now handling font encoding PD1 ...
... no UTF-8 mapping file for font encoding PD1
)
(C:\Users\james\AppData\Local\Programs\MiKTeX\tex/generic/intcalc\intcalc.sty
Package: intcalc 2019/12/15 v1.3 Expandable calculations with integers (HO)
)
\Hy@SavedSpaceFactor=\count277

(C:\Users\james\AppData\Local\Programs\MiKTeX\tex/latex/hyperref\puenc.def
File: puenc.def 2023-11-26 v7.01g Hyperref: PDF Unicode definition (HO)
Now handling font encoding PU ...
... no UTF-8 mapping file for font encoding PU
)
Package hyperref Info: Hyper figures OFF on input line 4181.
Package hyperref Info: Link nesting OFF on input line 4186.
Package hyperref Info: Hyper index ON on input line 4189.
Package hyperref Info: Plain pages OFF on input line 4196.
Package hyperref Info: Backreferencing OFF on input line 4201.
Package hyperref Info: Implicit mode ON; LaTeX internals redefined.
Package hyperref Info: Bookmarks ON on input line 4448.
\c@Hy@tempcnt=\count278

(C:\Users\james\AppData\Local\Programs\MiKTeX\tex/latex/url\url.sty
\Urlmuskip=\muskip17
Package: url 2013/09/16  ver 3.4  Verb mode for urls, etc.
)
LaTeX Info: Redefining \url on input line 4786.
\XeTeXLinkMargin=\dimen151

(C:\Users\james\AppData\Local\Programs\MiKTeX\tex/generic/bitset\bitset.sty
Package: bitset 2019/12/09 v1.3 Handle bit-vector datatype (HO)

(C:\Users\james\AppData\Local\Programs\MiKTeX\tex/generic/bigintcalc\bigintcalc
.sty
Package: bigintcalc 2019/12/15 v1.5 Expandable calculations on big integers (HO
)
))
\Fld@menulength=\count279
\Field@Width=\dimen152
\Fld@charsize=\dimen153
Package hyperref Info: Hyper figures OFF on input line 6065.
Package hyperref Info: Link nesting OFF on input line 6070.
Package hyperref Info: Hyper index ON on input line 6073.
Package hyperref Info: backreferencing OFF on input line 6080.
Package hyperref Info: Link coloring OFF on input line 6085.
Package hyperref Info: Link coloring with OCG OFF on input line 6090.
Package hyperref Info: PDF/A mode OFF on input line 6095.

(C:\Users\james\AppData\Local\Programs\MiKTeX\tex/latex/base\atbegshi-ltx.sty
Package: atbegshi-ltx 2021/01/10 v1.0c Emulation of the original atbegshi
package with kernel methods
)
\Hy@abspage=\count280
\c@Item=\count281
\c@Hfootnote=\count282
)
Package hyperref Info: Driver (autodetected): hpdftex.
(C:\Users\james\AppData\Local\Programs\MiKTeX\tex/latex/hyperref\hpdftex.def
File: hpdftex.def 2023-11-26 v7.01g Hyperref driver for pdfTeX

(C:\Users\james\AppData\Local\Programs\MiKTeX\tex/latex/base\atveryend-ltx.sty
Package: atveryend-ltx 2020/08/19 v1.0a Emulation of the original atveryend pac
kage
with kernel methods
)
\Fld@listcount=\count283
\c@bookmark@seq@number=\count284

(C:\Users\james\AppData\Local\Programs\MiKTeX\tex/latex/rerunfilecheck\rerunfil
echeck.sty
Package: rerunfilecheck 2022-07-10 v1.10 Rerun checks for auxiliary files (HO)

(C:\Users\james\AppData\Local\Programs\MiKTeX\tex/generic/uniquecounter\uniquec
ounter.sty
Package: uniquecounter 2019/12/15 v1.4 Provide unlimited unique counter (HO)
)
Package uniquecounter Info: New unique counter `rerunfilecheck' on input line 2
85.
)
\Hy@SectionHShift=\skip53
)
(C:\Users\james\AppData\Local\Programs\MiKTeX\tex/latex/psnfss\palatino.sty
Package: palatino 2020/03/25 PSNFSS-v9.3 (SPQR) 
)
(C:\Users\james\AppData\Local\Programs\MiKTeX\tex/latex/graphics\graphicx.sty
Package: graphicx 2021/09/16 v1.2d Enhanced LaTeX Graphics (DPC,SPQR)

(C:\Users\james\AppData\Local\Programs\MiKTeX\tex/latex/graphics\graphics.sty
Package: graphics 2022/03/10 v1.4e Standard LaTeX Graphics (DPC,SPQR)

(C:\Users\james\AppData\Local\Programs\MiKTeX\tex/latex/graphics\trig.sty
Package: trig 2021/08/11 v1.11 sin cos tan (DPC)
)
(C:\Users\james\AppData\Local\Programs\MiKTeX\tex/latex/graphics-cfg\graphics.c
fg
File: graphics.cfg 2016/06/04 v1.11 sample graphics configuration
)
Package graphics Info: Driver file: pdftex.def on input line 107.

(C:\Users\james\AppData\Local\Programs\MiKTeX\tex/latex/graphics-def\pdftex.def
File: pdftex.def 2022/09/22 v1.2b Graphics/color driver for pdftex
))
\Gin@req@height=\dimen154
\Gin@req@width=\dimen155
)
(C:\Users\james\AppData\Local\Programs\MiKTeX\tex/latex/setspace\setspace.sty
Package: setspace 2022/12/04 v6.7b set line spacing
)
(C:\Users\james\AppData\Local\Programs\MiKTeX\tex/latex/algorithms\algorithm.st
y
Package: algorithm 2009/08/24 v0.1 Document Style `algorithm' - floating enviro
nment
 (C:\Users\james\AppData\Local\Programs\MiKTeX\tex/latex/float\float.sty
Package: float 2001/11/08 v1.3d Float enhancements (AL)
\c@float@type=\count285
\float@exts=\toks23
\float@box=\box53
\@float@everytoks=\toks24
\@floatcapt=\box54
)
(C:\Users\james\AppData\Local\Programs\MiKTeX\tex/latex/base\ifthen.sty
Package: ifthen 2022/04/13 v1.1d Standard LaTeX ifthen package (DPC)
)
\@float@every@algorithm=\toks25
\c@algorithm=\count286
)
(C:\Users\james\AppData\Local\Programs\MiKTeX\tex/latex/algorithmicx\algpseudoc
ode.sty
Package: algpseudocode 

(C:\Users\james\AppData\Local\Programs\MiKTeX\tex/latex/algorithmicx\algorithmi
cx.sty
Package: algorithmicx 2005/04/27 v1.2 Algorithmicx

Document Style algorithmicx 1.2 - a greatly improved `algorithmic' style
\c@ALG@line=\count287
\c@ALG@rem=\count288
\c@ALG@nested=\count289
\ALG@tlm=\skip54
\ALG@thistlm=\skip55
\c@ALG@Lnr=\count290
\c@ALG@blocknr=\count291
\c@ALG@storecount=\count292
\c@ALG@tmpcounter=\count293
\ALG@tmplength=\skip56
)
Document Style - pseudocode environments for use with the `algorithmicx' style
) (C:\Users\james\AppData\Local\Programs\MiKTeX\tex/latex/amscls\amsthm.sty
Package: amsthm 2020/05/29 v2.20.6
\thm@style=\toks26
\thm@bodyfont=\toks27
\thm@headfont=\toks28
\thm@notefont=\toks29
\thm@headpunct=\toks30
\thm@preskip=\skip57
\thm@postskip=\skip58
\thm@headsep=\skip59
\dth@everypar=\toks31
)
(C:\Users\james\AppData\Local\Programs\MiKTeX\tex/latex/thmtools\thmtools.sty
Package: thmtools 2023/05/04 v0.76
\thmt@toks=\toks32
\c@thmt@dummyctr=\count294

(C:\Users\james\AppData\Local\Programs\MiKTeX\tex/latex/thmtools\thm-patch.sty
Package: thm-patch 2023/05/04 v0.76

(C:\Users\james\AppData\Local\Programs\MiKTeX\tex/latex/thmtools\parseargs.sty
Package: parseargs 2023/05/04 v0.76
\@parsespec=\toks33
)) (C:\Users\james\AppData\Local\Programs\MiKTeX\tex/latex/thmtools\thm-kv.sty
Package: thm-kv 2023/05/04 v0.76
Package thm-kv Info: Theorem names will be uppercased on input line 42.
Package thm-kv Info: kvsetkeys patch (v1.16 or later) on input line 158.
)
(C:\Users\james\AppData\Local\Programs\MiKTeX\tex/latex/thmtools\thm-autoref.st
y
Package: thm-autoref 2023/05/04 v0.76
 (C:\Users\james\AppData\Local\Programs\MiKTeX\tex/latex/thmtools\aliasctr.sty
Package: aliasctr 2023/05/04 v0.76
))
(C:\Users\james\AppData\Local\Programs\MiKTeX\tex/latex/thmtools\thm-listof.sty
Package: thm-listof 2023/05/04 v0.76
)
(C:\Users\james\AppData\Local\Programs\MiKTeX\tex/latex/thmtools\thm-restate.st
y
Package: thm-restate 2023/05/04 v0.76
)
(C:\Users\james\AppData\Local\Programs\MiKTeX\tex/latex/thmtools\thm-amsthm.sty
Package: thm-amsthm 2023/05/04 v0.76
\thmt@style@headstyle=\toks34
))
(C:\Users\james\AppData\Local\Programs\MiKTeX\tex/latex/graphics\rotating.sty
Package: rotating 2016/08/11 v2.16d rotated objects in LaTeX
\c@r@tfl@t=\count295
\rotFPtop=\skip60
\rotFPbot=\skip61
\rot@float@box=\box55
\rot@mess@toks=\toks35
)
(C:\Users\james\AppData\Local\Programs\MiKTeX\tex/latex/geometry\geometry.sty
Package: geometry 2020/01/02 v5.9 Page Geometry

(C:\Users\james\AppData\Local\Programs\MiKTeX\tex/generic/iftex\ifvtex.sty
Package: ifvtex 2019/10/25 v1.7 ifvtex legacy package. Use iftex instead.
)
\Gm@cnth=\count296
\Gm@cntv=\count297
\c@Gm@tempcnt=\count298
\Gm@bindingoffset=\dimen156
\Gm@wd@mp=\dimen157
\Gm@odd@mp=\dimen158
\Gm@even@mp=\dimen159
\Gm@layoutwidth=\dimen160
\Gm@layoutheight=\dimen161
\Gm@layouthoffset=\dimen162
\Gm@layoutvoffset=\dimen163
\Gm@dimlist=\toks36

(C:\Users\james\AppData\Local\Programs\MiKTeX\tex/latex/geometry\geometry.cfg))
(C:\Users\james\AppData\Local\Programs\MiKTeX\tex/latex/preprint\authblk.sty
Package: authblk 2001/02/27 1.3 (PWD)
\affilsep=\skip62
\@affilsep=\skip63
\c@Maxaffil=\count299
\c@authors=\count300
\c@affil=\count301
)
\c@Fact=\count302
\c@Proposition=\count303
\c@Lemma=\count304
\c@Remark=\count305

(C:\Users\james\AppData\Local\Programs\MiKTeX\tex/latex/caption\caption.sty
Package: caption 2023/08/05 v3.6o Customizing captions (AR)

(C:\Users\james\AppData\Local\Programs\MiKTeX\tex/latex/caption\caption3.sty
Package: caption3 2023/07/31 v2.4d caption3 kernel (AR)
\caption@tempdima=\dimen164
\captionmargin=\dimen165
\caption@leftmargin=\dimen166
\caption@rightmargin=\dimen167
\caption@width=\dimen168
\caption@indent=\dimen169
\caption@parindent=\dimen170
\caption@hangindent=\dimen171
Package caption Info: Standard document class detected.
)
\c@caption@flags=\count306
\c@continuedfloat=\count307
Package caption Info: float package is loaded.
Package caption Info: hyperref package is loaded.
Package caption Info: rotating package is loaded.
)
Package hyperref Info: Option `colorlinks' set `true' on input line 36.

(C:\Users\james\AppData\Local\Programs\MiKTeX\tex/latex/comment\comment.sty
\CommentStream=\write3

Excluding comment 'comment')
(C:\Users\james\AppData\Local\Programs\MiKTeX\tex/latex/natbib\natbib.sty
Package: natbib 2010/09/13 8.31b (PWD, AO)
\bibhang=\skip64
\bibsep=\skip65
LaTeX Info: Redefining \cite on input line 694.
\c@NAT@ctr=\count308
)
LaTeX Font Info:    Trying to load font information for OT1+ppl on input line 4
8.

(C:\Users\james\AppData\Local\Programs\MiKTeX\tex/latex/psnfss\ot1ppl.fd
File: ot1ppl.fd 2001/06/04 font definitions for OT1/ppl.
)
(C:\Users\james\AppData\Local\Programs\MiKTeX\tex/latex/l3backend\l3backend-pdf
tex.def
File: l3backend-pdftex.def 2023-11-09 L3 backend support: PDF output (pdfTeX)
\l__color_backend_stack_int=\count309
\l__pdf_internal_box=\box56
) (DRAFT_2023.aux)
\openout1 = `DRAFT_2023.aux'.

LaTeX Font Info:    Checking defaults for OML/cmm/m/it on input line 48.
LaTeX Font Info:    ... okay on input line 48.
LaTeX Font Info:    Checking defaults for OMS/cmsy/m/n on input line 48.
LaTeX Font Info:    ... okay on input line 48.
LaTeX Font Info:    Checking defaults for OT1/cmr/m/n on input line 48.
LaTeX Font Info:    ... okay on input line 48.
LaTeX Font Info:    Checking defaults for T1/cmr/m/n on input line 48.
LaTeX Font Info:    ... okay on input line 48.
LaTeX Font Info:    Checking defaults for TS1/cmr/m/n on input line 48.
LaTeX Font Info:    ... okay on input line 48.
LaTeX Font Info:    Checking defaults for OMX/cmex/m/n on input line 48.
LaTeX Font Info:    ... okay on input line 48.
LaTeX Font Info:    Checking defaults for U/cmr/m/n on input line 48.
LaTeX Font Info:    ... okay on input line 48.
LaTeX Font Info:    Checking defaults for PD1/pdf/m/n on input line 48.
LaTeX Font Info:    ... okay on input line 48.
LaTeX Font Info:    Checking defaults for PU/pdf/m/n on input line 48.
LaTeX Font Info:    ... okay on input line 48.

(C:\Users\james\AppData\Local\Programs\MiKTeX\tex/latex/graphics\color.sty
Package: color 2022/01/06 v1.3d Standard LaTeX Color (DPC)

(C:\Users\james\AppData\Local\Programs\MiKTeX\tex/latex/graphics-cfg\color.cfg
File: color.cfg 2016/01/02 v1.6 sample color configuration
)
Package color Info: Driver file: pdftex.def on input line 149.
(C:\Users\james\AppData\Local\Programs\MiKTeX\tex/latex/graphics\mathcolor.ltx)
)
Package hyperref Info: Link coloring ON on input line 48.
 (DRAFT_2023.out) (DRAFT_2023.out)
\@outlinefile=\write4
\openout4 = `DRAFT_2023.out'.


(C:\Users\james\AppData\Local\Programs\MiKTeX\tex/context/base/mkii\supp-pdf.mk
ii
[Loading MPS to PDF converter (version 2006.09.02).]
\scratchcounter=\count310
\scratchdimen=\dimen172
\scratchbox=\box57
\nofMPsegments=\count311
\nofMParguments=\count312
\everyMPshowfont=\toks37
\MPscratchCnt=\count313
\MPscratchDim=\dimen173
\MPnumerator=\count314
\makeMPintoPDFobject=\count315
\everyMPtoPDFconversion=\toks38
)
(C:\Users\james\AppData\Local\Programs\MiKTeX\tex/latex/epstopdf-pkg\epstopdf-b
ase.sty
Package: epstopdf-base 2020-01-24 v2.11 Base part for package epstopdf
Package epstopdf-base Info: Redefining graphics rule for `.eps' on input line 4
85.

(C:\Users\james\AppData\Local\Programs\MiKTeX\tex/latex/00miktex\epstopdf-sys.c
fg
File: epstopdf-sys.cfg 2021/03/18 v2.0 Configuration of epstopdf for MiKTeX
))
*geometry* driver: auto-detecting
*geometry* detected driver: pdftex
*geometry* verbose mode - [ preamble ] result:
* driver: pdftex
* paper: legalpaper
* layout: <same size as paper>
* layoutoffset:(h,v)=(0.0pt,0.0pt)
* modes: 
* h-part:(L,W,R)=(72.26999pt, 469.75502pt, 72.26999pt)
* v-part:(T,H,B)=(72.26999pt, 867.24002pt, 72.26999pt)
* \paperwidth=614.295pt
* \paperheight=1011.78pt
* \textwidth=469.75502pt
* \textheight=867.24002pt
* \oddsidemargin=0.0pt
* \evensidemargin=0.0pt
* \topmargin=-37.0pt
* \headheight=12.0pt
* \headsep=25.0pt
* \topskip=12.0pt
* \footskip=30.0pt
* \marginparwidth=44.0pt
* \marginparsep=10.0pt
* \columnsep=10.0pt
* \skip\footins=10.8pt plus 4.0pt minus 2.0pt
* \hoffset=0.0pt
* \voffset=0.0pt
* \mag=1000
* \@twocolumnfalse
* \@twosidefalse
* \@mparswitchfalse
* \@reversemarginfalse
* (1in=72.27pt=25.4mm, 1cm=28.453pt)

Package caption Info: Begin \AtBeginDocument code.
Package caption Info: Option `justification=Centering' requires the `ragged2e' 
package on input line 48.
(C:\Users\james\AppData\Local\Programs\MiKTeX\tex/latex/ragged2e\ragged2e.sty
Package: ragged2e 2023/06/22 v3.6 ragged2e Package
\CenteringLeftskip=\skip66
\RaggedLeftLeftskip=\skip67
\RaggedRightLeftskip=\skip68
\CenteringRightskip=\skip69
\RaggedLeftRightskip=\skip70
\RaggedRightRightskip=\skip71
\CenteringParfillskip=\skip72
\RaggedLeftParfillskip=\skip73
\RaggedRightParfillskip=\skip74
\JustifyingParfillskip=\skip75
\CenteringParindent=\skip76
\RaggedLeftParindent=\skip77
\RaggedRightParindent=\skip78
\JustifyingParindent=\skip79
)
Package caption Info: End \AtBeginDocument code.
LaTeX Font Info:    Trying to load font information for U+msa on input line 49.


(C:\Users\james\AppData\Local\Programs\MiKTeX\tex/latex/amsfonts\umsa.fd
File: umsa.fd 2013/01/14 v3.01 AMS symbols A
)
LaTeX Font Info:    Trying to load font information for U+msb on input line 49.


(C:\Users\james\AppData\Local\Programs\MiKTeX\tex/latex/amsfonts\umsb.fd
File: umsb.fd 2013/01/14 v3.01 AMS symbols B
)
LaTeX Font Info:    Trying to load font information for TS1+ppl on input line 4
9.

(C:\Users\james\AppData\Local\Programs\MiKTeX\tex/latex/psnfss\ts1ppl.fd
File: ts1ppl.fd 2001/06/04 font definitions for TS1/ppl.
)
[1

{C:/Users/james/AppData/Local/MiKTeX/fonts/map/pdftex/pdftex.map}{C:/Users/jame
s/AppData/Local/Programs/MiKTeX/fonts/enc/dvips/base/8r.enc}] [2] [3]
[4] [5] [6] [7] [8]
Package hyperref Info: bookmark level for unknown Fact defaults to 0 on input l
ine 131.
 [9] [10] [11] [12] [13]
Overfull \hbox (0.98584pt too wide) in paragraph at lines 221--222
\OT1/ppl/m/n/12 ho-mo-ge-neous good $\OML/cmm/m/it/12 g$ \OT1/ppl/m/n/12 (with 
a nor-mal-ized price of 1 dol-lar) and hous-ing ser-vices $\OML/cmm/m/it/12 A$\
OT1/ppl/m/n/12 . House-
 []

[14] [15] [16] [17]
Overfull \hbox (0.18423pt too wide) in paragraph at lines 313--314
 [] \OT1/ppl/m/n/12 Facts [][]1[][] and [][]2[][] say that ex-pen-sive cities a
re on av-er-age higher in-come and ex-hibit stronger
 []

[18]
Package hyperref Info: bookmark level for unknown Proposition defaults to 0 on 
input line 324.
 [19] [20] [21]

Package hyperref Warning: Token not allowed in a PDF string (Unicode):
(hyperref)                removing `math shift' on input line 389.


Package hyperref Warning: Token not allowed in a PDF string (Unicode):
(hyperref)                removing `math shift' on input line 389.

[22]
Overfull \hbox (5.98096pt too wide) in paragraph at lines 402--403
 []\OT1/ppl/b/n/12 Preference pa-ram-e-ters and prices in un-reg-u-lated zones 
\OT1/ppl/m/n/12 The cal-i-brate un-reg-u-lated prices
 []

[23]

Package hyperref Warning: Token not allowed in a PDF string (Unicode):
(hyperref)                removing `math shift' on input line 421.


Package hyperref Warning: Token not allowed in a PDF string (Unicode):
(hyperref)                removing `math shift' on input line 421.


Package hyperref Warning: Token not allowed in a PDF string (Unicode):
(hyperref)                removing `math shift' on input line 421.


Package hyperref Warning: Token not allowed in a PDF string (Unicode):
(hyperref)                removing `\theta' on input line 421.


Package hyperref Warning: Token not allowed in a PDF string (Unicode):
(hyperref)                removing `math shift' on input line 421.


Package hyperref Warning: Token not allowed in a PDF string (Unicode):
(hyperref)                removing `math shift' on input line 421.


Package hyperref Warning: Token not allowed in a PDF string (Unicode):
(hyperref)                removing `\rho' on input line 421.


Package hyperref Warning: Token not allowed in a PDF string (Unicode):
(hyperref)                removing `math shift' on input line 421.

[24]

Package hyperref Warning: Token not allowed in a PDF string (Unicode):
(hyperref)                removing `math shift' on input line 439.


Package hyperref Warning: Token not allowed in a PDF string (Unicode):
(hyperref)                removing `\Omega' on input line 439.


Package hyperref Warning: Token not allowed in a PDF string (Unicode):
(hyperref)                removing `math shift' on input line 439.

[25] [26] [27] [28] [29] [30] [31] [32] [33]
Overfull \hbox (0.85245pt too wide) in paragraph at lines 560--561
\OT1/ppl/m/n/12 gate labour pro-duc-tiv-ity to in-crease by $\OT1/cmr/m/n/12 0\
OML/cmm/m/it/12 :\OT1/cmr/m/n/12 02%$\OT1/ppl/m/n/12 , and as-sum-ing away all 
income-composition
 []

[34] [35] (DRAFT_2023.bbl [36] [37]) [38]
<income_combined.png, id=1276, 682.7106pt x 426.6339pt>
File: income_combined.png Graphic file (type png)
<use income_combined.png>
Package pdftex.def Info: income_combined.png  used on input line 590.
(pdftex.def)             Requested size: 469.75502pt x 293.56396pt.

Underfull \hbox (badness 10000) in paragraph at lines 591--591
 []\OT1/ppl/b/n/8 Figure 1: | 
 []

<incomestringency_combined.png, id=1283, 682.7106pt x 426.6339pt>
File: incomestringency_combined.png Graphic file (type png)
<use incomestringency_combined.png>
Package pdftex.def Info: incomestringency_combined.png  used on input line 597.

(pdftex.def)             Requested size: 469.75502pt x 293.56396pt.

Underfull \hbox (badness 10000) in paragraph at lines 598--598
 []\OT1/ppl/b/n/8 Figure 2: | 
 []

<Welfare.png, id=1296, 711.1368pt x 426.6339pt>
File: Welfare.png Graphic file (type png)
<use Welfare.png>
Package pdftex.def Info: Welfare.png  used on input line 605.
(pdftex.def)             Requested size: 516.73338pt x 310.00797pt.

Underfull \hbox (badness 10000) in paragraph at lines 612--612
 []\OT1/ppl/b/n/8 Figure 4: | 
 []


Underfull \hbox (badness 10000) in paragraph at lines 612--612
 \OT1/ppl/m/n/8 Compensating vari-a-tion for dereg-u-la-tion by house-hold type
, 
 []


Underfull \hbox (badness 10000) in paragraph at lines 612--612
 \OT1/ppl/m/n/8 pooled over renters and home-own-ers and in-clud-ing cap-i-tal 
losses.| 
 []

<WelfarePooled.png, id=1297, 711.1368pt x 426.6339pt>
File: WelfarePooled.png Graphic file (type png)
<use WelfarePooled.png>
Package pdftex.def Info: WelfarePooled.png  used on input line 613.
(pdftex.def)             Requested size: 469.75502pt x 281.8201pt.
<WelfareDecomp.png, id=1300, 711.1368pt x 426.6339pt>
File: WelfareDecomp.png Graphic file (type png)
<use WelfareDecomp.png>
Package pdftex.def Info: WelfareDecomp.png  used on input line 621.
(pdftex.def)             Requested size: 469.75502pt x 281.8201pt.

Underfull \hbox (badness 1314) in paragraph at lines 623--623
 \OT1/ppl/m/n/8 ues mean higher wel-fare gains. So-cial wel-fare is the pop-u-l
a-tion weighted av-er-age of wel-fare by type. 
 []


Underfull \hbox (badness 1038) in paragraph at lines 623--623
 \OT1/ppl/m/n/8 lined in Ap-pendix [][]E.3[][]. The sum of com-po-nents add to 
the com-pen-sat-ing vari-a-tion re-ported in Fig-ure [][]3[][].| 
 []

<WelfareDecompNoFund.png, id=1305, 711.1368pt x 426.6339pt>
File: WelfareDecompNoFund.png Graphic file (type png)
<use WelfareDecompNoFund.png>
Package pdftex.def Info: WelfareDecompNoFund.png  used on input line 630.
(pdftex.def)             Requested size: 469.75502pt x 281.8201pt.
<IncomeDensityGradCtfl.png, id=1308, 682.7106pt x 426.6339pt>
File: IncomeDensityGradCtfl.png Graphic file (type png)
<use IncomeDensityGradCtfl.png>
Package pdftex.def Info: IncomeDensityGradCtfl.png  used on input line 639.
(pdftex.def)             Requested size: 469.75502pt x 293.56396pt.
<IncomeSortingMovement.png, id=1313, 853.5087pt x 511.9125pt>
File: IncomeSortingMovement.png Graphic file (type png)
<use IncomeSortingMovement.png>
Package pdftex.def Info: IncomeSortingMovement.png  used on input line 653.
(pdftex.def)             Requested size: 853.50662pt x 511.91125pt.
<StringencyChangeLandVal.png, id=1314, 569.0058pt x 341.3553pt>
File: StringencyChangeLandVal.png Graphic file (type png)
<use StringencyChangeLandVal.png>
Package pdftex.def Info: StringencyChangeLandVal.png  used on input line 663.
(pdftex.def)             Requested size: 469.75502pt x 281.8143pt.

Underfull \hbox (badness 1394) in paragraph at lines 665--665
 []|\OT1/ppl/m/n/8 Changes in land val-ues by reg-u-la-tory strin-gency in the 
base-line equi-lib-rium (from Equa-tion [][]2[][]). Data 
 []


Underfull \hbox (badness 1215) in paragraph at lines 665--665
 \OT1/ppl/m/n/8 gen-er-ated from the en-doge-nous ameni-ties coun-ter-fac-tual 
is scat-tered in black. Lin-ear fits on data gen- 
 []


Underfull \hbox (badness 2096) in paragraph at lines 665--665
 \OT1/ppl/m/n/8 er-ated by en-doge-nous and ex-oge-nous amenity coun-ter-fac-tu
-als are in red and blue, re-spec-tively.| 
 []

[39 <./income_combined.png> <./incomestringency_combined.png>] [40 <./Welfare.p
ng> <./WelfarePooled.png>] [41 <./WelfareDecomp.png> <./WelfareDecompNoFund.png
>] [42 <./IncomeDensityGradCtfl.png>] [43 <./IncomeSortingMovement.png (PNG cop
y)>] [44 <./StringencyChangeLandVal.png (PNG copy)>]
<SF_combined.png, id=1351, 1422.5145pt x 1422.5145pt>
File: SF_combined.png Graphic file (type png)
<use SF_combined.png>
Package pdftex.def Info: SF_combined.png  used on input line 672.
(pdftex.def)             Requested size: 563.69951pt x 607.06769pt.
 [45 <./SF_combined.png (PNG copy)>] (FullIVBartlett_byIncomeType.tex) (LabourP
rod_dfCtfls.tex) [46


]
[47

] [48] [49

]
Package hyperref Info: bookmark level for unknown algorithm defaults to 0 on in
put line 787.
<HaywardZoningDistricts.png, id=1420, 995.6397pt x 622.2447pt>
File: HaywardZoningDistricts.png Graphic file (type png)
<use HaywardZoningDistricts.png>
Package pdftex.def Info: HaywardZoningDistricts.png  used on input line 817.
(pdftex.def)             Requested size: 469.75502pt x 293.58492pt.
 [50] [51 <./HaywardZoningDistricts.png (PNG copy)>]
<HaywardLotSizeDist.png, id=1439, 682.7106pt x 426.6339pt>
File: HaywardLotSizeDist.png Graphic file (type png)
<use HaywardLotSizeDist.png>
Package pdftex.def Info: HaywardLotSizeDist.png  used on input line 833.
(pdftex.def)             Requested size: 469.75502pt x 293.56396pt.
 [52

 <./HaywardLotSizeDist.png>] [53]
<HaywardMinimumLotSizes.png, id=1467, 995.6397pt x 622.2447pt>
File: HaywardMinimumLotSizes.png Graphic file (type png)
<use HaywardMinimumLotSizes.png>
Package pdftex.def Info: HaywardMinimumLotSizes.png  used on input line 872.
(pdftex.def)             Requested size: 469.75502pt x 293.58492pt.
 [54 <./HaywardMinimumLotSizes.png (PNG copy)>]
[55

] [56] (Facts_summarystats_aggregate.tex) (Facts_summarystats_superstar.tex) [5
7

]
<Facts_incomeStringency_boxplot.png, id=1528, 511.9125pt x 426.6339pt>
File: Facts_incomeStringency_boxplot.png Graphic file (type png)
<use Facts_incomeStringency_boxplot.png>
Package pdftex.def Info: Facts_incomeStringency_boxplot.png  used on input line
 915.
(pdftex.def)             Requested size: 469.75502pt x 391.4989pt.
<ProductivityStringency.png, id=1535, 853.5087pt x 511.9125pt>
File: ProductivityStringency.png Graphic file (type png)
<use ProductivityStringency.png>
Package pdftex.def Info: ProductivityStringency.png  used on input line 921.
(pdftex.def)             Requested size: 516.73338pt x 309.92282pt.

Overfull \hbox (46.97836pt too wide) in paragraph at lines 921--922
[][] 
 []

[58

 <./Facts_incomeStringency_boxplot.png> <./ProductivityStringency.png (PNG copy
)>]
<CBD_combined.png, id=1554, 682.7106pt x 426.6339pt>
File: CBD_combined.png Graphic file (type png)
<use CBD_combined.png>
Package pdftex.def Info: CBD_combined.png  used on input line 938.
(pdftex.def)             Requested size: 516.73338pt x 322.9171pt.
<income_2010.png, id=1562, 682.7106pt x 426.6339pt>
File: income_2010.png Graphic file (type png)
<use income_2010.png>
Package pdftex.def Info: income_2010.png  used on input line 947.
(pdftex.def)             Requested size: 422.77664pt x 264.2043pt.
 [59

 <./CBD_combined.png>] [60 <./income_2010.png>] [61

]

Package hyperref Warning: Token not allowed in a PDF string (Unicode):
(hyperref)                removing `\hbox' on input line 970.


Package hyperref Warning: Token not allowed in a PDF string (Unicode):
(hyperref)                removing `\mathsurround' on input line 970.


Package hyperref Warning: Token not allowed in a PDF string (Unicode):
(hyperref)                removing `\z@' on input line 970.


Package hyperref Warning: Token not allowed in a PDF string (Unicode):
(hyperref)                removing `\unskip' on input line 970.


Package hyperref Warning: Token not allowed in a PDF string (Unicode):
(hyperref)                removing `\@@italiccorr' on input line 970.

[62

] [63]
Overfull \hbox (18.02159pt too wide) in paragraph at lines 1009--1009
\OT1/ppl/m/n/12 pro-vi-sion of the pub-lic good $\OML/cmm/m/it/12 K$ \OT1/ppl/m
/n/12 is $\OML/cmm/m/it/12 t[][]$\OT1/ppl/m/n/12 . Then, amenity val-ues are $\
OML/cmm/m/it/12 b\OT1/cmr/m/n/12 (\OML/cmm/m/it/12 i; z\OT1/cmr/m/n/12 ) = \OML
/cmm/m/it/12 t[][][][][]^^W\OT1/cmr/m/n/12 (\OML/cmm/m/it/12 i; z\OT1/cmr/m/n/1
2 )$\OT1/ppl/m/n/12 .
 []

[64

] [65]
Package hyperref Info: bookmark level for unknown Lemma defaults to 0 on input 
line 1027.
 [66

]
Underfull \hbox (badness 10000) in paragraph at lines 1064--1065

 []


Overfull \hbox (25.62355pt too wide) in paragraph at lines 1091--1092
 [] \OT1/ppl/m/n/12 It re-mains to show $\OML/cmm/m/it/12 b\OT1/cmr/m/n/12 )$\O
T1/ppl/m/n/12 . Sup-pose, for con-tra-dic-tion, that $\OML/cmm/m/it/12 L\OT1/cm
r/m/n/12 (\OML/cmm/m/it/12 i[]; c[]; z[]\OT1/cmr/m/n/12 ) \OML/cmm/m/it/12 > \O
T1/cmr/m/n/12 0$ \OT1/ppl/m/n/12 and $\OML/cmm/m/it/12 L\OT1/cmr/m/n/12 (\OML/c
mm/m/it/12 i[]; c[]; z[]\OT1/cmr/m/n/12 ) =
 []

[67] [68] [69

]
Overfull \hbox (2.8252pt too wide) in paragraph at lines 1175--1176
 [] \OT1/ppl/m/n/12 On the other hand, the us-ing the def-i-ni-tion of $\OT1/cm
r/m/n/12 ^^A\OML/cmm/m/it/12 I$\OT1/ppl/m/n/12 , we have that $\OT1/cmr/m/n/12 
^^A[] = [][][\OML/cmm/m/it/12 o\OT1/cmr/m/n/12 (1\OML/cmm/m/it/12 ; z\OT1/cmr/m
/n/12 ) \OMS/cmsy/m/n/12 ^^@
 []

[70] [71] [72] [73]

Package hyperref Warning: Token not allowed in a PDF string (Unicode):
(hyperref)                removing `\\' on input line 1301.


Package hyperref Warning: Token not allowed in a PDF string (Unicode):
(hyperref)                removing `math shift' on input line 1301.


Package hyperref Warning: Token not allowed in a PDF string (Unicode):
(hyperref)                removing `math shift' on input line 1301.


Package hyperref Warning: Token not allowed in a PDF string (Unicode):
(hyperref)                removing `math shift' on input line 1301.


Package hyperref Warning: Token not allowed in a PDF string (Unicode):
(hyperref)                removing `math shift' on input line 1301.

[74

] [75] [76] [77

] [78

] (Calibration_summarystats_aggregate.tex) [79

]
(Calibration_summarystats_SuperStar.tex) [80

]

Package hyperref Warning: Token not allowed in a PDF string (Unicode):
(hyperref)                removing `math shift' on input line 1439.


Package hyperref Warning: Token not allowed in a PDF string (Unicode):
(hyperref)                removing `\Omega' on input line 1439.


Package hyperref Warning: Token not allowed in a PDF string (Unicode):
(hyperref)                removing `math shift' on input line 1439.

[81

] [82] (FirstStageMSACluster.tex) [83

] (OLSMSAClust_byIncomeType.tex)
Underfull \hbox (badness 10000) in paragraph at lines 1492--1492
 []| 
 []

[84

] (FullIVBartlettCluster.tex) [85

] (FullIVBartlettClusterRobust.tex)
[86

] [87] (Placebo_baseline.tex)
Underfull \hbox (badness 3919) in paragraph at lines 1523--1523
 []|\OT1/ppl/m/n/8 Placebo tests. Col-umn (1) re-ports the es-ti-mate of a pool
ed spec-i-fi-ca-tion of []. Col-umn (2) es-ti-mates [] with OLS un-der the as-s
ump-tion that the pooled base-line es-ti-mate of $\OT1/cmr/m/n/8 
(\OML/cmm/m/it/8 z\OT1/cmr/m/n/8 )$ \OT1/ppl/m/n/8 is iden-ti-fied. The re- 
 []


Underfull \hbox (badness 4132) in paragraph at lines 1523--1523
 \OT1/ppl/m/n/8 main-ing columns es-ti-mate [] with IV dis-ag-gre-gated by low,
 medium and high in-come types. All spec-i-fi-ca-tions in-clude MSA fixed ef-fe
cts and stan-dard er-rors are clus-tered us-ing a 35km Bartlett ker- 
 []


Underfull \hbox (badness 3271) in paragraph at lines 1523--1523
 \OT1/ppl/m/n/8 nel. "Lo-cal Slope Con-trol" is the av-er-age slope within the 
block group. $[] []$ is in-stru-mented with the av-er-age slopes of block group
s that have cen-troids within buffer $\OML/cmm/m/it/8 d[]$ \OT1/ppl/m/n/8 and $
\OML/cmm/m/it/8 d[]$\OT1/ppl/m/n/8 . "Base Con-trols" in- 
 []


Underfull \hbox (badness 3623) in paragraph at lines 1523--1523
 \OT1/ppl/m/n/8 clude travel time, build-ing age, pub-lic trans-port and bus sh
ares in com-mut-ing and CBD dis-tance. "Amen/Topo" con-trols in-clude var-i-ous
 ameni-ties (den-sity of cof-fee shops, parks, restau-rants) and var- 
 []


Underfull \hbox (badness 4060) in paragraph at lines 1523--1523
 \OT1/ppl/m/n/8 i-ous to-po-graphic fea-tures (cover of dif-fer-ent types of fo
r-est such as de-cid-u-ous or ev-er-green, wet-lands, peren-nial snow cover). "
Den-sity Con-trol" is the within-MSA den-sity rank-ing of the block group.| 
 []

[88]
Underfull \hbox (badness 10000) in paragraph at lines 1549--1550
[]\OT1/ppl/m/n/12 Solve for hous-ing prices $\OML/cmm/m/it/12 P[]\OT1/cmr/m/n/1
2 (\OML/cmm/m/it/12 i\OT1/cmr/m/n/12 )$ \OT1/ppl/m/n/12 to clear mar-kets given
 cur-rent
 []

[89


] [90

]
Overfull \hbox (21.67773pt too wide) in paragraph at lines 1621--1623
\OT1/ppl/m/n/12 with an anal-o-gous def-i-ni-tion for ameni-ties. By def-i-ni-t
ion, $\OML/cmm/m/it/12 S[]\OT1/cmr/m/n/12 (\OML/cmm/m/it/12 z\OT1/cmr/m/n/12 ) 
+ \OML/cmm/m/it/12 S[]\OT1/cmr/m/n/12 (\OML/cmm/m/it/12 z\OT1/cmr/m/n/12 ) = []
 [](\OML/cmm/m/it/12 C[]\OT1/cmr/m/n/12 (\OML/cmm/m/it/12 z\OT1/cmr/m/n/12 )\OM
L/cmm/m/it/12 ; b[]\OT1/cmr/m/n/12 (\OML/cmm/m/it/12 z\OT1/cmr/m/n/12 )) \OMS/c
msy/m/n/12 ^^@
 []

[91

]
<IncomeDensityGradCtfl_alternate.png, id=1895, 682.7106pt x 426.6339pt>
File: IncomeDensityGradCtfl_alternate.png Graphic file (type png)
<use IncomeDensityGradCtfl_alternate.png>
Package pdftex.def Info: IncomeDensityGradCtfl_alternate.png  used on input lin
e 1630.
(pdftex.def)             Requested size: 469.75502pt x 293.56396pt.
 [92

 <./IncomeDensityGradCtfl_alternate.png>] (DRAFT_2023.aux)
 ***********
LaTeX2e <2023-11-01>
L3 programming layer <2023-12-11>
 ***********
Package rerunfilecheck Info: File `DRAFT_2023.out' has not changed.
(rerunfilecheck)             Checksum: CC935F43AD991F2911B20A93A13BFE26;9686.
 )
(\end occurred inside a group at level 1)

### semi simple group (level 1) entered at line 29 (\begingroup)
### bottom level 
Here is how much of TeX's memory you used:
 14774 strings out of 474495
 240914 string characters out of 5743936
 1944460 words of memory out of 5000000
 36174 multiletter control sequences out of 15000+600000
 594249 words of font info for 137 fonts, out of 8000000 for 9000
 1141 hyphenation exceptions out of 8191
 75i,14n,79p,3521b,2506s stack positions out of 10000i,1000n,20000p,200000b,200000s

pdfTeX warning (dest): name{Hfootnote.72} has been referenced but does not exis
t, replaced by a fixed one


pdfTeX warning (dest): name{Hfootnote.71} has been referenced but does not exis
t, replaced by a fixed one


pdfTeX warning (dest): name{Hfootnote.70} has been referenced but does not exis
t, replaced by a fixed one


pdfTeX warning (dest): name{Hfootnote.69} has been referenced but does not exis
t, replaced by a fixed one


pdfTeX warning (dest): name{Hfootnote.68} has been referenced but does not exis
t, replaced by a fixed one


pdfTeX warning (dest): name{Hfootnote.67} has been referenced but does not exis
t, replaced by a fixed one


pdfTeX warning (dest): name{Hfootnote.66} has been referenced but does not exis
t, replaced by a fixed one


pdfTeX warning (dest): name{Hfootnote.65} has been referenced but does not exis
t, replaced by a fixed one


pdfTeX warning (dest): name{Hfootnote.64} has been referenced but does not exis
t, replaced by a fixed one


pdfTeX warning (dest): name{Hfootnote.63} has been referenced but does not exis
t, replaced by a fixed one


pdfTeX warning (dest): name{Hfootnote.62} has been referenced but does not exis
t, replaced by a fixed one


pdfTeX warning (dest): name{Hfootnote.61} has been referenced but does not exis
t, replaced by a fixed one


pdfTeX warning (dest): name{Hfootnote.60} has been referenced but does not exis
t, replaced by a fixed one


pdfTeX warning (dest): name{Hfootnote.59} has been referenced but does not exis
t, replaced by a fixed one


pdfTeX warning (dest): name{Hfootnote.58} has been referenced but does not exis
t, replaced by a fixed one


pdfTeX warning (dest): name{Hfootnote.57} has been referenced but does not exis
t, replaced by a fixed one


pdfTeX warning (dest): name{Hfootnote.56} has been referenced but does not exis
t, replaced by a fixed one


pdfTeX warning (dest): name{Hfootnote.55} has been referenced but does not exis
t, replaced by a fixed one


pdfTeX warning (dest): name{Hfootnote.54} has been referenced but does not exis
t, replaced by a fixed one


pdfTeX warning (dest): name{Hfootnote.53} has been referenced but does not exis
t, replaced by a fixed one


pdfTeX warning (dest): name{Hfootnote.52} has been referenced but does not exis
t, replaced by a fixed one


pdfTeX warning (dest): name{Hfootnote.51} has been referenced but does not exis
t, replaced by a fixed one


pdfTeX warning (dest): name{Hfootnote.50} has been referenced but does not exis
t, replaced by a fixed one


pdfTeX warning (dest): name{Hfootnote.49} has been referenced but does not exis
t, replaced by a fixed one


pdfTeX warning (dest): name{Hfootnote.48} has been referenced but does not exis
t, replaced by a fixed one


pdfTeX warning (dest): name{Hfootnote.47} has been referenced but does not exis
t, replaced by a fixed one


pdfTeX warning (dest): name{Hfootnote.46} has been referenced but does not exis
t, replaced by a fixed one


pdfTeX warning (dest): name{Hfootnote.45} has been referenced but does not exis
t, replaced by a fixed one


pdfTeX warning (dest): name{Hfootnote.44} has been referenced but does not exis
t, replaced by a fixed one


pdfTeX warning (dest): name{Hfootnote.43} has been referenced but does not exis
t, replaced by a fixed one


pdfTeX warning (dest): name{Hfootnote.42} has been referenced but does not exis
t, replaced by a fixed one


pdfTeX warning (dest): name{Hfootnote.41} has been referenced but does not exis
t, replaced by a fixed one


pdfTeX warning (dest): name{Hfootnote.40} has been referenced but does not exis
t, replaced by a fixed one


pdfTeX warning (dest): name{Hfootnote.39} has been referenced but does not exis
t, replaced by a fixed one


pdfTeX warning (dest): name{Hfootnote.38} has been referenced but does not exis
t, replaced by a fixed one


pdfTeX warning (dest): name{Hfootnote.37} has been referenced but does not exis
t, replaced by a fixed one


pdfTeX warning (dest): name{Hfootnote.36} has been referenced but does not exis
t, replaced by a fixed one


pdfTeX warning (dest): name{Hfootnote.35} has been referenced but does not exis
t, replaced by a fixed one


pdfTeX warning (dest): name{Hfootnote.34} has been referenced but does not exis
t, replaced by a fixed one


pdfTeX warning (dest): name{Hfootnote.33} has been referenced but does not exis
t, replaced by a fixed one


pdfTeX warning (dest): name{Hfootnote.32} has been referenced but does not exis
t, replaced by a fixed one


pdfTeX warning (dest): name{Hfootnote.31} has been referenced but does not exis
t, replaced by a fixed one


pdfTeX warning (dest): name{Hfootnote.30} has been referenced but does not exis
t, replaced by a fixed one


pdfTeX warning (dest): name{Hfootnote.29} has been referenced but does not exis
t, replaced by a fixed one


pdfTeX warning (dest): name{Hfootnote.28} has been referenced but does not exis
t, replaced by a fixed one


pdfTeX warning (dest): name{Hfootnote.27} has been referenced but does not exis
t, replaced by a fixed one


pdfTeX warning (dest): name{Hfootnote.26} has been referenced but does not exis
t, replaced by a fixed one


pdfTeX warning (dest): name{Hfootnote.25} has been referenced but does not exis
t, replaced by a fixed one


pdfTeX warning (dest): name{Hfootnote.24} has been referenced but does not exis
t, replaced by a fixed one


pdfTeX warning (dest): name{Hfootnote.23} has been referenced but does not exis
t, replaced by a fixed one


pdfTeX warning (dest): name{Hfootnote.22} has been referenced but does not exis
t, replaced by a fixed one


pdfTeX warning (dest): name{Hfootnote.21} has been referenced but does not exis
t, replaced by a fixed one


pdfTeX warning (dest): name{Hfootnote.20} has been referenced but does not exis
t, replaced by a fixed one


pdfTeX warning (dest): name{Hfootnote.19} has been referenced but does not exis
t, replaced by a fixed one


pdfTeX warning (dest): name{Hfootnote.18} has been referenced but does not exis
t, replaced by a fixed one


pdfTeX warning (dest): name{Hfootnote.17} has been referenced but does not exis
t, replaced by a fixed one


pdfTeX warning (dest): name{Hfootnote.16} has been referenced but does not exis
t, replaced by a fixed one


pdfTeX warning (dest): name{Hfootnote.15} has been referenced but does not exis
t, replaced by a fixed one


pdfTeX warning (dest): name{Hfootnote.14} has been referenced but does not exis
t, replaced by a fixed one


pdfTeX warning (dest): name{Hfootnote.13} has been referenced but does not exis
t, replaced by a fixed one


pdfTeX warning (dest): name{Hfootnote.12} has been referenced but does not exis
t, replaced by a fixed one


pdfTeX warning (dest): name{Hfootnote.11} has been referenced but does not exis
t, replaced by a fixed one


pdfTeX warning (dest): name{Hfootnote.10} has been referenced but does not exis
t, replaced by a fixed one


pdfTeX warning (dest): name{Hfootnote.9} has been referenced but does not exist
, replaced by a fixed one


pdfTeX warning (dest): name{Hfootnote.8} has been referenced but does not exist
, replaced by a fixed one


pdfTeX warning (dest): name{Hfootnote.7} has been referenced but does not exist
, replaced by a fixed one


pdfTeX warning (dest): name{Hfootnote.6} has been referenced but does not exist
, replaced by a fixed one


pdfTeX warning (dest): name{Hfootnote.5} has been referenced but does not exist
, replaced by a fixed one


pdfTeX warning (dest): name{Hfootnote.4} has been referenced but does not exist
, replaced by a fixed one


pdfTeX warning (dest): name{Hfootnote.3} has been referenced but does not exist
, replaced by a fixed one


pdfTeX warning (dest): name{Hfootnote.2} has been referenced but does not exist
, replaced by a fixed one


pdfTeX warning (dest): name{Hfootnote.1} has been referenced but does not exist
, replaced by a fixed one

<C:/Users/james/AppData/Local/Programs/MiKTeX/fonts/type1/public/amsfonts/cm/cm
bx12.pfb><C:/Users/james/AppData/Local/Programs/MiKTeX/fonts/type1/public/amsfo
nts/cm/cmbx8.pfb><C:/Users/james/AppData/Local/Programs/MiKTeX/fonts/type1/publ
ic/amsfonts/cm/cmex10.pfb><C:/Users/james/AppData/Local/Programs/MiKTeX/fonts/t
ype1/public/amsfonts/cmextra/cmex7.pfb><C:/Users/james/AppData/Local/Programs/M
iKTeX/fonts/type1/public/amsfonts/cmextra/cmex8.pfb><C:/Users/james/AppData/Loc
al/Programs/MiKTeX/fonts/type1/public/amsfonts/cm/cmmi10.pfb><C:/Users/james/Ap
pData/Local/Programs/MiKTeX/fonts/type1/public/amsfonts/cm/cmmi12.pfb><C:/Users
/james/AppData/Local/Programs/MiKTeX/fonts/type1/public/amsfonts/cm/cmmi5.pfb><
C:/Users/james/AppData/Local/Programs/MiKTeX/fonts/type1/public/amsfonts/cm/cmm
i6.pfb><C:/Users/james/AppData/Local/Programs/MiKTeX/fonts/type1/public/amsfont
s/cm/cmmi7.pfb><C:/Users/james/AppData/Local/Programs/MiKTeX/fonts/type1/public
/amsfonts/cm/cmmi8.pfb><C:/Users/james/AppData/Local/Programs/MiKTeX/fonts/type
1/public/amsfonts/cm/cmmib10.pfb><C:/Users/james/AppData/Local/Programs/MiKTeX/
fonts/type1/public/amsfonts/cmextra/cmmib6.pfb><C:/Users/james/AppData/Local/Pr
ograms/MiKTeX/fonts/type1/public/amsfonts/cmextra/cmmib8.pfb><C:/Users/james/Ap
pData/Local/Programs/MiKTeX/fonts/type1/public/amsfonts/cm/cmr10.pfb><C:/Users/
james/AppData/Local/Programs/MiKTeX/fonts/type1/public/amsfonts/cm/cmr12.pfb><C
:/Users/james/AppData/Local/Programs/MiKTeX/fonts/type1/public/amsfonts/cm/cmr1
7.pfb><C:/Users/james/AppData/Local/Programs/MiKTeX/fonts/type1/public/amsfonts
/cm/cmr5.pfb><C:/Users/james/AppData/Local/Programs/MiKTeX/fonts/type1/public/a
msfonts/cm/cmr6.pfb><C:/Users/james/AppData/Local/Programs/MiKTeX/fonts/type1/p
ublic/amsfonts/cm/cmr7.pfb><C:/Users/james/AppData/Local/Programs/MiKTeX/fonts/
type1/public/amsfonts/cm/cmr8.pfb><C:/Users/james/AppData/Local/Programs/MiKTeX
/fonts/type1/public/amsfonts/cm/cmsy10.pfb><C:/Users/james/AppData/Local/Progra
ms/MiKTeX/fonts/type1/public/amsfonts/cm/cmsy5.pfb><C:/Users/james/AppData/Loca
l/Programs/MiKTeX/fonts/type1/public/amsfonts/cm/cmsy6.pfb><C:/Users/james/AppD
ata/Local/Programs/MiKTeX/fonts/type1/public/amsfonts/cm/cmsy7.pfb><C:/Users/ja
mes/AppData/Local/Programs/MiKTeX/fonts/type1/public/amsfonts/cm/cmsy8.pfb><C:/
Users/james/AppData/Local/Programs/MiKTeX/fonts/type1/public/amsfonts/symbols/m
sbm10.pfb><C:/Users/james/AppData/Local/Programs/MiKTeX/fonts/type1/urw/palatin
o/uplb8a.pfb><C:/Users/james/AppData/Local/Programs/MiKTeX/fonts/type1/urw/pala
tino/uplbi8a.pfb><C:/Users/james/AppData/Local/Programs/MiKTeX/fonts/type1/urw/
palatino/uplr8a.pfb><C:/Users/james/AppData/Local/Programs/MiKTeX/fonts/type1/u
rw/palatino/uplri8a.pfb>
Output written on DRAFT_2023.pdf (92 pages, 27680947 bytes).
PDF statistics:
 2155 PDF objects out of 2487 (max. 8388607)
 594 named destinations out of 1000 (max. 500000)
 467 words of extra memory for PDF output out of 10000 (max. 10000000)

