This is pdfTeX, Version 3.14159265-2.6-1.40.21 (MiKTeX 20.12) (preloaded format=pdflatex 2024.6.15)  14 JUL 2024 18:23
entering extended mode
**./DRAFT.tex
(DRAFT.tex
LaTeX2e <2020-10-01> patch level 2
L3 programming layer <2020-12-07> xparse <2020-03-03>
(C:\Users\James\AppData\Local\Programs\MiKTeX\tex/latex/base\article.cls
Document Class: article 2020/04/10 v1.4m Standard LaTeX document class
(C:\Users\James\AppData\Local\Programs\MiKTeX\tex/latex/base\size12.clo
File: size12.clo 2020/04/10 v1.4m Standard LaTeX file (size option)
)
\c@part=\count177
\c@section=\count178
\c@subsection=\count179
\c@subsubsection=\count180
\c@paragraph=\count181
\c@subparagraph=\count182
\c@figure=\count183
\c@table=\count184
\abovecaptionskip=\skip47
\belowcaptionskip=\skip48
\bibindent=\dimen138
)
(C:\Users\James\AppData\Local\Programs\MiKTeX\tex/latex/amsmath\amsmath.sty
Package: amsmath 2020/09/23 v2.17i AMS math features
\@mathmargin=\skip49

For additional information on amsmath, use the `?' option.
(C:\Users\James\AppData\Local\Programs\MiKTeX\tex/latex/amsmath\amstext.sty
Package: amstext 2000/06/29 v2.01 AMS text

(C:\Users\James\AppData\Local\Programs\MiKTeX\tex/latex/amsmath\amsgen.sty
File: amsgen.sty 1999/11/30 v2.0 generic functions
\@emptytoks=\toks15
\ex@=\dimen139
))
(C:\Users\James\AppData\Local\Programs\MiKTeX\tex/latex/amsmath\amsbsy.sty
Package: amsbsy 1999/11/29 v1.2d Bold Symbols
\pmbraise@=\dimen140
)
(C:\Users\James\AppData\Local\Programs\MiKTeX\tex/latex/amsmath\amsopn.sty
Package: amsopn 2016/03/08 v2.02 operator names
)
\inf@bad=\count185
LaTeX Info: Redefining \frac on input line 234.
\uproot@=\count186
\leftroot@=\count187
LaTeX Info: Redefining \overline on input line 399.
\classnum@=\count188
\DOTSCASE@=\count189
LaTeX Info: Redefining \ldots on input line 496.
LaTeX Info: Redefining \dots on input line 499.
LaTeX Info: Redefining \cdots on input line 620.
\Mathstrutbox@=\box47
\strutbox@=\box48
\big@size=\dimen141
LaTeX Font Info:    Redeclaring font encoding OML on input line 743.
LaTeX Font Info:    Redeclaring font encoding OMS on input line 744.
\macc@depth=\count190
\c@MaxMatrixCols=\count191
\dotsspace@=\muskip16
\c@parentequation=\count192
\dspbrk@lvl=\count193
\tag@help=\toks16
\row@=\count194
\column@=\count195
\maxfields@=\count196
\andhelp@=\toks17
\eqnshift@=\dimen142
\alignsep@=\dimen143
\tagshift@=\dimen144
\tagwidth@=\dimen145
\totwidth@=\dimen146
\lineht@=\dimen147
\@envbody=\toks18
\multlinegap=\skip50
\multlinetaggap=\skip51
\mathdisplay@stack=\toks19
LaTeX Info: Redefining \[ on input line 2923.
LaTeX Info: Redefining \] on input line 2924.
)
(C:\Users\James\AppData\Local\Programs\MiKTeX\tex/latex/amsfonts\amssymb.sty
Package: amssymb 2013/01/14 v3.01 AMS font symbols

(C:\Users\James\AppData\Local\Programs\MiKTeX\tex/latex/amsfonts\amsfonts.sty
Package: amsfonts 2013/01/14 v3.01 Basic AMSFonts support
\symAMSa=\mathgroup4
\symAMSb=\mathgroup5
LaTeX Font Info:    Redeclaring math symbol \hbar on input line 98.
LaTeX Font Info:    Overwriting math alphabet `\mathfrak' in version `bold'
(Font)                  U/euf/m/n --> U/euf/b/n on input line 106.
)) (C:\Users\James\AppData\Local\Programs\MiKTeX\tex/latex/hyperref\hyperref.st
y
Package: hyperref 2020-05-15 v7.00e Hypertext links for LaTeX

(C:\Users\James\AppData\Local\Programs\MiKTeX\tex/generic/ltxcmds\ltxcmds.sty
Package: ltxcmds 2020-05-10 v1.25 LaTeX kernel commands for general use (HO)
)
(C:\Users\James\AppData\Local\Programs\MiKTeX\tex/generic/iftex\iftex.sty
Package: iftex 2020/03/06 v1.0d TeX engine tests
)
(C:\Users\James\AppData\Local\Programs\MiKTeX\tex/generic/pdftexcmds\pdftexcmds
.sty
Package: pdftexcmds 2020-06-27 v0.33 Utility functions of pdfTeX for LuaTeX (HO
)

(C:\Users\James\AppData\Local\Programs\MiKTeX\tex/generic/infwarerr\infwarerr.s
ty
Package: infwarerr 2019/12/03 v1.5 Providing info/warning/error messages (HO)
)
Package pdftexcmds Info: \pdf@primitive is available.
Package pdftexcmds Info: \pdf@ifprimitive is available.
Package pdftexcmds Info: \pdfdraftmode found.
)
(C:\Users\James\AppData\Local\Programs\MiKTeX\tex/latex/graphics\keyval.sty
Package: keyval 2014/10/28 v1.15 key=value parser (DPC)
\KV@toks@=\toks20
)
(C:\Users\James\AppData\Local\Programs\MiKTeX\tex/generic/kvsetkeys\kvsetkeys.s
ty
Package: kvsetkeys 2019/12/15 v1.18 Key value parser (HO)
)
(C:\Users\James\AppData\Local\Programs\MiKTeX\tex/generic/kvdefinekeys\kvdefine
keys.sty
Package: kvdefinekeys 2019-12-19 v1.6 Define keys (HO)
)
(C:\Users\James\AppData\Local\Programs\MiKTeX\tex/generic/pdfescape\pdfescape.s
ty
Package: pdfescape 2019/12/09 v1.15 Implements pdfTeX's escape features (HO)
) (C:\Users\James\AppData\Local\Programs\MiKTeX\tex/latex/hycolor\hycolor.sty
Package: hycolor 2020-01-27 v1.10 Color options for hyperref/bookmark (HO)
)
(C:\Users\James\AppData\Local\Programs\MiKTeX\tex/latex/letltxmacro\letltxmacro
.sty
Package: letltxmacro 2019/12/03 v1.6 Let assignment for LaTeX macros (HO)
)
(C:\Users\James\AppData\Local\Programs\MiKTeX\tex/latex/auxhook\auxhook.sty
Package: auxhook 2019-12-17 v1.6 Hooks for auxiliary files (HO)
)
(C:\Users\James\AppData\Local\Programs\MiKTeX\tex/latex/kvoptions\kvoptions.sty
Package: kvoptions 2020-10-07 v3.14 Key value format for package options (HO)
)
\@linkdim=\dimen148
\Hy@linkcounter=\count197
\Hy@pagecounter=\count198
 (C:\Users\James\AppData\Local\Programs\MiKTeX\tex/latex/hyperref\pd1enc.def
File: pd1enc.def 2020-05-15 v7.00e Hyperref: PDFDocEncoding definition (HO)
Now handling font encoding PD1 ...
... no UTF-8 mapping file for font encoding PD1
)
(C:\Users\James\AppData\Local\Programs\MiKTeX\tex/generic/intcalc\intcalc.sty
Package: intcalc 2019/12/15 v1.3 Expandable calculations with integers (HO)
)
(C:\Users\James\AppData\Local\Programs\MiKTeX\tex/generic/etexcmds\etexcmds.sty
Package: etexcmds 2019/12/15 v1.7 Avoid name clashes with e-TeX commands (HO)
)
\Hy@SavedSpaceFactor=\count199
Package hyperref Info: Hyper figures OFF on input line 4464.
Package hyperref Info: Link nesting OFF on input line 4469.
Package hyperref Info: Hyper index ON on input line 4472.
Package hyperref Info: Plain pages OFF on input line 4479.
Package hyperref Info: Backreferencing OFF on input line 4484.
Package hyperref Info: Implicit mode ON; LaTeX internals redefined.
Package hyperref Info: Bookmarks ON on input line 4717.
\c@Hy@tempcnt=\count266
 (C:\Users\James\AppData\Local\Programs\MiKTeX\tex/latex/url\url.sty
\Urlmuskip=\muskip17
Package: url 2013/09/16  ver 3.4  Verb mode for urls, etc.
)
LaTeX Info: Redefining \url on input line 5076.
\XeTeXLinkMargin=\dimen149

(C:\Users\James\AppData\Local\Programs\MiKTeX\tex/generic/bitset\bitset.sty
Package: bitset 2019/12/09 v1.3 Handle bit-vector datatype (HO)

(C:\Users\James\AppData\Local\Programs\MiKTeX\tex/generic/bigintcalc\bigintcalc
.sty
Package: bigintcalc 2019/12/15 v1.5 Expandable calculations on big integers (HO
)
))
\Fld@menulength=\count267
\Field@Width=\dimen150
\Fld@charsize=\dimen151
Package hyperref Info: Hyper figures OFF on input line 6347.
Package hyperref Info: Link nesting OFF on input line 6352.
Package hyperref Info: Hyper index ON on input line 6355.
Package hyperref Info: backreferencing OFF on input line 6362.
Package hyperref Info: Link coloring OFF on input line 6367.
Package hyperref Info: Link coloring with OCG OFF on input line 6372.
Package hyperref Info: PDF/A mode OFF on input line 6377.
LaTeX Info: Redefining \ref on input line 6417.
LaTeX Info: Redefining \pageref on input line 6421.

(C:\Users\James\AppData\Local\Programs\MiKTeX\tex/latex/base\atbegshi-ltx.sty
Package: atbegshi-ltx 2020/08/17 v1.0a Emulation of the original atbegshi packa
ge
with kernel methods
)
\Hy@abspage=\count268
\c@Item=\count269
\c@Hfootnote=\count270
)
Package hyperref Info: Driver (autodetected): hpdftex.
(C:\Users\James\AppData\Local\Programs\MiKTeX\tex/latex/hyperref\hpdftex.def
File: hpdftex.def 2020-05-15 v7.00e Hyperref driver for pdfTeX

(C:\Users\James\AppData\Local\Programs\MiKTeX\tex/latex/base\atveryend-ltx.sty
Package: atveryend-ltx 2020/08/19 v1.0a Emulation of the original atvery packag
e
with kernel methods
)
\Fld@listcount=\count271
\c@bookmark@seq@number=\count272

(C:\Users\James\AppData\Local\Programs\MiKTeX\tex/latex/rerunfilecheck\rerunfil
echeck.sty
Package: rerunfilecheck 2019/12/05 v1.9 Rerun checks for auxiliary files (HO)

(C:\Users\James\AppData\Local\Programs\MiKTeX\tex/generic/uniquecounter\uniquec
ounter.sty
Package: uniquecounter 2019/12/15 v1.4 Provide unlimited unique counter (HO)
)
Package uniquecounter Info: New unique counter `rerunfilecheck' on input line 2
86.
)
\Hy@SectionHShift=\skip52
)
(C:\Users\James\AppData\Local\Programs\MiKTeX\tex/latex/psnfss\palatino.sty
Package: palatino 2020/03/25 PSNFSS-v9.3 (SPQR) 
)
(C:\Users\James\AppData\Local\Programs\MiKTeX\tex/latex/graphics\graphicx.sty
Package: graphicx 2020/09/09 v1.2b Enhanced LaTeX Graphics (DPC,SPQR)

(C:\Users\James\AppData\Local\Programs\MiKTeX\tex/latex/graphics\graphics.sty
Package: graphics 2020/08/30 v1.4c Standard LaTeX Graphics (DPC,SPQR)

(C:\Users\James\AppData\Local\Programs\MiKTeX\tex/latex/graphics\trig.sty
Package: trig 2016/01/03 v1.10 sin cos tan (DPC)
)
(C:\Users\James\AppData\Local\Programs\MiKTeX\tex/latex/graphics-cfg\graphics.c
fg
File: graphics.cfg 2016/06/04 v1.11 sample graphics configuration
)
Package graphics Info: Driver file: pdftex.def on input line 105.

(C:\Users\James\AppData\Local\Programs\MiKTeX\tex/latex/graphics-def\pdftex.def
File: pdftex.def 2020/10/05 v1.2a Graphics/color driver for pdftex
))
\Gin@req@height=\dimen152
\Gin@req@width=\dimen153
)
(C:\Users\James\AppData\Local\Programs\MiKTeX\tex/latex/setspace\setspace.sty
Package: setspace 2011/12/19 v6.7a set line spacing
)
(C:\Users\James\AppData\Local\Programs\MiKTeX\tex/latex/algorithms\algorithm.st
y
Package: algorithm 2009/08/24 v0.1 Document Style `algorithm' - floating enviro
nment
 (C:\Users\James\AppData\Local\Programs\MiKTeX\tex/latex/float\float.sty
Package: float 2001/11/08 v1.3d Float enhancements (AL)
\c@float@type=\count273
\float@exts=\toks21
\float@box=\box49
\@float@everytoks=\toks22
\@floatcapt=\box50
)
(C:\Users\James\AppData\Local\Programs\MiKTeX\tex/latex/base\ifthen.sty
Package: ifthen 2014/09/29 v1.1c Standard LaTeX ifthen package (DPC)
)
\@float@every@algorithm=\toks23
\c@algorithm=\count274
)
(C:\Users\James\AppData\Local\Programs\MiKTeX\tex/latex/algorithmicx\algpseudoc
ode.sty
Package: algpseudocode 

(C:\Users\James\AppData\Local\Programs\MiKTeX\tex/latex/algorithmicx\algorithmi
cx.sty
Package: algorithmicx 2005/04/27 v1.2 Algorithmicx

Document Style algorithmicx 1.2 - a greatly improved `algorithmic' style
\c@ALG@line=\count275
\c@ALG@rem=\count276
\c@ALG@nested=\count277
\ALG@tlm=\skip53
\ALG@thistlm=\skip54
\c@ALG@Lnr=\count278
\c@ALG@blocknr=\count279
\c@ALG@storecount=\count280
\c@ALG@tmpcounter=\count281
\ALG@tmplength=\skip55
)
Document Style - pseudocode environments for use with the `algorithmicx' style
) (C:\Users\James\AppData\Local\Programs\MiKTeX\tex/latex/amscls\amsthm.sty
Package: amsthm 2020/05/29 v2.20.6
\thm@style=\toks24
\thm@bodyfont=\toks25
\thm@headfont=\toks26
\thm@notefont=\toks27
\thm@headpunct=\toks28
\thm@preskip=\skip56
\thm@postskip=\skip57
\thm@headsep=\skip58
\dth@everypar=\toks29
)
(C:\Users\James\AppData\Local\Programs\MiKTeX\tex/latex/thmtools\thmtools.sty
Package: thmtools 2020/08/01 v0.72
\thmt@toks=\toks30
\c@thmt@dummyctr=\count282

(C:\Users\James\AppData\Local\Programs\MiKTeX\tex/latex/thmtools\thm-patch.sty
Package: thm-patch 2020/08/01 v0.72

(C:\Users\James\AppData\Local\Programs\MiKTeX\tex/latex/thmtools\parseargs.sty
Package: parseargs 2020/08/01 v0.72
\@parsespec=\toks31
)) (C:\Users\James\AppData\Local\Programs\MiKTeX\tex/latex/thmtools\thm-kv.sty
Package: thm-kv 2020/08/01 v0.72
Package thm-kv Info: Theorem names will be uppercased on input line 42.
Package thm-kv Info: kvsetkeys patch (v1.16 or later) on input line 158.
)
(C:\Users\James\AppData\Local\Programs\MiKTeX\tex/latex/thmtools\thm-autoref.st
y
Package: thm-autoref 2020/08/01 v0.72
 (C:\Users\James\AppData\Local\Programs\MiKTeX\tex/latex/thmtools\aliasctr.sty
Package: aliasctr 2020/08/01 v0.72
))
(C:\Users\James\AppData\Local\Programs\MiKTeX\tex/latex/thmtools\thm-listof.sty
Package: thm-listof 2020/08/01 v0.72
)
(C:\Users\James\AppData\Local\Programs\MiKTeX\tex/latex/thmtools\thm-restate.st
y
Package: thm-restate 2020/08/01 v0.72
)
(C:\Users\James\AppData\Local\Programs\MiKTeX\tex/latex/thmtools\thm-amsthm.sty
Package: thm-amsthm 2020/08/01 v0.72
\thmt@style@headstyle=\toks32
))
(C:\Users\James\AppData\Local\Programs\MiKTeX\tex/latex/graphics\rotating.sty
Package: rotating 2016/08/11 v2.16d rotated objects in LaTeX
\c@r@tfl@t=\count283
\rotFPtop=\skip59
\rotFPbot=\skip60
\rot@float@box=\box51
\rot@mess@toks=\toks33
)
(C:\Users\James\AppData\Local\Programs\MiKTeX\tex/latex/geometry\geometry.sty
Package: geometry 2020/01/02 v5.9 Page Geometry

(C:\Users\James\AppData\Local\Programs\MiKTeX\tex/generic/iftex\ifvtex.sty
Package: ifvtex 2019/10/25 v1.7 ifvtex legacy package. Use iftex instead.
)
\Gm@cnth=\count284
\Gm@cntv=\count285
\c@Gm@tempcnt=\count286
\Gm@bindingoffset=\dimen154
\Gm@wd@mp=\dimen155
\Gm@odd@mp=\dimen156
\Gm@even@mp=\dimen157
\Gm@layoutwidth=\dimen158
\Gm@layoutheight=\dimen159
\Gm@layouthoffset=\dimen160
\Gm@layoutvoffset=\dimen161
\Gm@dimlist=\toks34

(C:\Users\James\AppData\Local\Programs\MiKTeX\tex/latex/geometry\geometry.cfg))
(C:\Users\James\AppData\Local\Programs\MiKTeX\tex/latex/preprint\authblk.sty
Package: authblk 2001/02/27 1.3 (PWD)
\affilsep=\skip61
\@affilsep=\skip62
\c@Maxaffil=\count287
\c@authors=\count288
\c@affil=\count289
)
\c@Fact=\count290
\c@Proposition=\count291
\c@Lemma=\count292
\c@Remark=\count293

(C:\Users\James\AppData\Local\Programs\MiKTeX\tex/latex/caption\caption.sty
Package: caption 2020/10/26 v3.5g Customizing captions (AR)

(C:\Users\James\AppData\Local\Programs\MiKTeX\tex/latex/caption\caption3.sty
Package: caption3 2020/10/21 v2.2e caption3 kernel (AR)
\captionmargin=\dimen162
\captionmargin@=\dimen163
\captionwidth=\dimen164
\caption@tempdima=\dimen165
\caption@indent=\dimen166
\caption@parindent=\dimen167
\caption@hangindent=\dimen168
Package caption Info: Standard document class detected.
)
\c@caption@flags=\count294
\c@continuedfloat=\count295
Package caption Info: float package is loaded.
Package caption Info: hyperref package is loaded.
Package caption Info: rotating package is loaded.
)
Package hyperref Info: Option `colorlinks' set `true' on input line 36.

(C:\Users\James\AppData\Local\Programs\MiKTeX\tex/latex/comment\comment.sty
\CommentStream=\write3

Excluding comment 'comment')
(C:\Users\James\AppData\Local\Programs\MiKTeX\tex/latex/natbib\natbib.sty
Package: natbib 2010/09/13 8.31b (PWD, AO)
\bibhang=\skip63
\bibsep=\skip64
LaTeX Info: Redefining \cite on input line 694.
\c@NAT@ctr=\count296
)
LaTeX Font Info:    Trying to load font information for OT1+ppl on input line 4
8.

(C:\Users\James\AppData\Local\Programs\MiKTeX\tex/latex/psnfss\ot1ppl.fd
File: ot1ppl.fd 2001/06/04 font definitions for OT1/ppl.
)
(C:\Users\James\AppData\Local\Programs\MiKTeX\tex/latex/l3backend\l3backend-pdf
tex.def
File: l3backend-pdftex.def 2020-09-24 L3 backend support: PDF output (pdfTeX)
\l__kernel_color_stack_int=\count297
\l__pdf_internal_box=\box52
) (DRAFT.aux)
\openout1 = `DRAFT.aux'.

LaTeX Font Info:    Checking defaults for OML/cmm/m/it on input line 48.
LaTeX Font Info:    ... okay on input line 48.
LaTeX Font Info:    Checking defaults for OMS/cmsy/m/n on input line 48.
LaTeX Font Info:    ... okay on input line 48.
LaTeX Font Info:    Checking defaults for OT1/cmr/m/n on input line 48.
LaTeX Font Info:    ... okay on input line 48.
LaTeX Font Info:    Checking defaults for T1/cmr/m/n on input line 48.
LaTeX Font Info:    ... okay on input line 48.
LaTeX Font Info:    Checking defaults for TS1/cmr/m/n on input line 48.
LaTeX Font Info:    ... okay on input line 48.
LaTeX Font Info:    Checking defaults for OMX/cmex/m/n on input line 48.
LaTeX Font Info:    ... okay on input line 48.
LaTeX Font Info:    Checking defaults for U/cmr/m/n on input line 48.
LaTeX Font Info:    ... okay on input line 48.
LaTeX Font Info:    Checking defaults for PD1/pdf/m/n on input line 48.
LaTeX Font Info:    ... okay on input line 48.

(C:\Users\James\AppData\Local\Programs\MiKTeX\tex/latex/graphics\color.sty
Package: color 2020/02/24 v1.2b Standard LaTeX Color (DPC)

(C:\Users\James\AppData\Local\Programs\MiKTeX\tex/latex/graphics-cfg\color.cfg
File: color.cfg 2016/01/02 v1.6 sample color configuration
)
Package color Info: Driver file: pdftex.def on input line 147.
)
Package hyperref Info: Link coloring ON on input line 48.
 (C:\Users\James\AppData\Local\Programs\MiKTeX\tex/latex/hyperref\nameref.sty
Package: nameref 2019/09/16 v2.46 Cross-referencing by name of section

(C:\Users\James\AppData\Local\Programs\MiKTeX\tex/latex/refcount\refcount.sty
Package: refcount 2019/12/15 v3.6 Data extraction from label references (HO)
)
(C:\Users\James\AppData\Local\Programs\MiKTeX\tex/generic/gettitlestring\gettit
lestring.sty
Package: gettitlestring 2019/12/15 v1.6 Cleanup title references (HO)
)
\c@section@level=\count298
)
LaTeX Info: Redefining \ref on input line 48.
LaTeX Info: Redefining \pageref on input line 48.
LaTeX Info: Redefining \nameref on input line 48.
 (DRAFT.out) (DRAFT.out)
\@outlinefile=\write4
\openout4 = `DRAFT.out'.


(C:\Users\James\AppData\Local\Programs\MiKTeX\tex/context/base/mkii\supp-pdf.mk
ii
[Loading MPS to PDF converter (version 2006.09.02).]
\scratchcounter=\count299
\scratchdimen=\dimen169
\scratchbox=\box53
\nofMPsegments=\count300
\nofMParguments=\count301
\everyMPshowfont=\toks35
\MPscratchCnt=\count302
\MPscratchDim=\dimen170
\MPnumerator=\count303
\makeMPintoPDFobject=\count304
\everyMPtoPDFconversion=\toks36
)
(C:\Users\James\AppData\Local\Programs\MiKTeX\tex/latex/epstopdf-pkg\epstopdf-b
ase.sty
Package: epstopdf-base 2020-01-24 v2.11 Base part for package epstopdf
Package epstopdf-base Info: Redefining graphics rule for `.eps' on input line 4
85.
)
*geometry* driver: auto-detecting
*geometry* detected driver: pdftex
*geometry* verbose mode - [ preamble ] result:
* driver: pdftex
* paper: legalpaper
* layout: <same size as paper>
* layoutoffset:(h,v)=(0.0pt,0.0pt)
* modes: 
* h-part:(L,W,R)=(72.26999pt, 469.75502pt, 72.26999pt)
* v-part:(T,H,B)=(72.26999pt, 867.24002pt, 72.26999pt)
* \paperwidth=614.295pt
* \paperheight=1011.78pt
* \textwidth=469.75502pt
* \textheight=867.24002pt
* \oddsidemargin=0.0pt
* \evensidemargin=0.0pt
* \topmargin=-37.0pt
* \headheight=12.0pt
* \headsep=25.0pt
* \topskip=12.0pt
* \footskip=30.0pt
* \marginparwidth=44.0pt
* \marginparsep=10.0pt
* \columnsep=10.0pt
* \skip\footins=10.8pt plus 4.0pt minus 2.0pt
* \hoffset=0.0pt
* \voffset=0.0pt
* \mag=1000
* \@twocolumnfalse
* \@twosidefalse
* \@mparswitchfalse
* \@reversemarginfalse
* (1in=72.27pt=25.4mm, 1cm=28.453pt)

Package caption Info: Begin \AtBeginDocument code.
Package caption Info: Option `justification=Centering' requires the `ragged2e' 
package on input line 48.
(C:\Users\James\AppData\Local\Programs\MiKTeX\tex/latex/ragged2e\ragged2e.sty
Package: ragged2e 2019/07/28 v2.2 ragged2e Package (MS)

(C:\Users\James\AppData\Local\Programs\MiKTeX\tex/latex/ms\everysel.sty
Package: everysel 2011/10/28 v1.2 EverySelectfont Package (MS)

ABD: EverySelectfont initializing macros
LaTeX Info: Redefining \selectfont on input line 126.
)
\CenteringLeftskip=\skip65
\RaggedLeftLeftskip=\skip66
\RaggedRightLeftskip=\skip67
\CenteringRightskip=\skip68
\RaggedLeftRightskip=\skip69
\RaggedRightRightskip=\skip70
\CenteringParfillskip=\skip71
\RaggedLeftParfillskip=\skip72
\RaggedRightParfillskip=\skip73
\JustifyingParfillskip=\skip74
\CenteringParindent=\skip75
\RaggedLeftParindent=\skip76
\RaggedRightParindent=\skip77
\JustifyingParindent=\skip78
)
Package caption Info: End \AtBeginDocument code.
LaTeX Font Info:    Trying to load font information for U+msa on input line 49.


(C:\Users\James\AppData\Local\Programs\MiKTeX\tex/latex/amsfonts\umsa.fd
File: umsa.fd 2013/01/14 v3.01 AMS symbols A
)
LaTeX Font Info:    Trying to load font information for U+msb on input line 49.


(C:\Users\James\AppData\Local\Programs\MiKTeX\tex/latex/amsfonts\umsb.fd
File: umsb.fd 2013/01/14 v3.01 AMS symbols B
)
LaTeX Font Info:    Trying to load font information for TS1+ppl on input line 4
9.

(C:\Users\James\AppData\Local\Programs\MiKTeX\tex/latex/psnfss\ts1ppl.fd
File: ts1ppl.fd 2001/06/04 font definitions for TS1/ppl.
)
[1

{C:/Users/James/AppData/Local/MiKTeX/pdftex/config/pdftex.map}] [2] [3]
[4] [5] [6] [7] [8]
Package hyperref Info: bookmark level for unknown Fact defaults to 0 on input l
ine 131.
 [9] [10] [11] [12] [13]
Overfull \hbox (0.98584pt too wide) in paragraph at lines 224--225
\OT1/ppl/m/n/12 ho-mo-ge-neous good $\OML/cmm/m/it/12 g$ \OT1/ppl/m/n/12 (with 
a nor-mal-ized price of 1 dol-lar) and hous-ing ser-vices $\OML/cmm/m/it/12 A$\
OT1/ppl/m/n/12 . House-
 []

[14] [15] [16] [17] [18]
Overfull \hbox (0.18423pt too wide) in paragraph at lines 347--348
 [] \OT1/ppl/m/n/12 Facts [][]1[][] and [][]2[][] say that ex-pen-sive cities a
re on av-er-age higher in-come and ex-hibit stronger
 []

[19]
Package hyperref Info: bookmark level for unknown Proposition defaults to 0 on 
input line 358.
 [20] [21] [22]

Package hyperref Warning: Token not allowed in a PDF string (PDFDocEncoding):
(hyperref)                removing `math shift' on input line 423.


Package hyperref Warning: Token not allowed in a PDF string (PDFDocEncoding):
(hyperref)                removing `math shift' on input line 423.

[23]
Overfull \hbox (5.98096pt too wide) in paragraph at lines 436--437
 []\OT1/ppl/b/n/12 Preference pa-ram-e-ters and prices in un-reg-u-lated zones 
\OT1/ppl/m/n/12 The cal-i-brate un-reg-u-lated prices
 []

[24]

Package hyperref Warning: Token not allowed in a PDF string (PDFDocEncoding):
(hyperref)                removing `math shift' on input line 455.


Package hyperref Warning: Token not allowed in a PDF string (PDFDocEncoding):
(hyperref)                removing `math shift' on input line 455.


Package hyperref Warning: Token not allowed in a PDF string (PDFDocEncoding):
(hyperref)                removing `math shift' on input line 455.


Package hyperref Warning: Token not allowed in a PDF string (PDFDocEncoding):
(hyperref)                removing `\theta' on input line 455.


Package hyperref Warning: Token not allowed in a PDF string (PDFDocEncoding):
(hyperref)                removing `math shift' on input line 455.


Package hyperref Warning: Token not allowed in a PDF string (PDFDocEncoding):
(hyperref)                removing `math shift' on input line 455.


Package hyperref Warning: Token not allowed in a PDF string (PDFDocEncoding):
(hyperref)                removing `\rho' on input line 455.


Package hyperref Warning: Token not allowed in a PDF string (PDFDocEncoding):
(hyperref)                removing `math shift' on input line 455.

[25]

Package hyperref Warning: Token not allowed in a PDF string (PDFDocEncoding):
(hyperref)                removing `math shift' on input line 473.


Package hyperref Warning: Token not allowed in a PDF string (PDFDocEncoding):
(hyperref)                removing `\Omega' on input line 473.


Package hyperref Warning: Token not allowed in a PDF string (PDFDocEncoding):
(hyperref)                removing `math shift' on input line 473.

[26] [27] [28] [29] [30] [31] [32] [33]
Overfull \hbox (0.85245pt too wide) in paragraph at lines 594--595
\OT1/ppl/m/n/12 gate labour pro-duc-tiv-ity to in-crease by $\OT1/cmr/m/n/12 0\
OML/cmm/m/it/12 :\OT1/cmr/m/n/12 02%$\OT1/ppl/m/n/12 , and as-sum-ing away all 
income-composition
 []

[34] [35] [36] (DRAFT.bbl [37] [38]) [39]
<income_combined.png, id=1272, 682.7106pt x 426.6339pt>
File: income_combined.png Graphic file (type png)
<use income_combined.png>
Package pdftex.def Info: income_combined.png  used on input line 627.
(pdftex.def)             Requested size: 469.75502pt x 293.56396pt.

Underfull \hbox (badness 10000) in paragraph at lines 628--628
 []\OT1/ppl/b/n/8 Figure 1: | 
 []

<incomestringency_combined.png, id=1279, 682.7106pt x 426.6339pt>
File: incomestringency_combined.png Graphic file (type png)
<use incomestringency_combined.png>
Package pdftex.def Info: incomestringency_combined.png  used on input line 634.

(pdftex.def)             Requested size: 469.75502pt x 293.56396pt.

Underfull \hbox (badness 10000) in paragraph at lines 635--635
 []\OT1/ppl/b/n/8 Figure 2: | 
 []

<Welfare.png, id=1292, 711.1368pt x 426.6339pt>
File: Welfare.png Graphic file (type png)
<use Welfare.png>
Package pdftex.def Info: Welfare.png  used on input line 642.
(pdftex.def)             Requested size: 516.73338pt x 310.00797pt.

Underfull \hbox (badness 10000) in paragraph at lines 649--649
 []\OT1/ppl/b/n/8 Figure 4: | 
 []


Underfull \hbox (badness 10000) in paragraph at lines 649--649
 []\OT1/ppl/m/n/8 Compensating vari-a-tion for dereg-u-la-tion by house-hold ty
pe, 
 []


Underfull \hbox (badness 10000) in paragraph at lines 649--649
 []\OT1/ppl/m/n/8 pooled over renters and home-own-ers and in-clud-ing cap-i-ta
l losses.| 
 []

<WelfarePooled.png, id=1293, 711.1368pt x 426.6339pt>
File: WelfarePooled.png Graphic file (type png)
<use WelfarePooled.png>
Package pdftex.def Info: WelfarePooled.png  used on input line 650.
(pdftex.def)             Requested size: 469.75502pt x 281.8201pt.
<WelfareDecomp.png, id=1296, 711.1368pt x 426.6339pt>
File: WelfareDecomp.png Graphic file (type png)
<use WelfareDecomp.png>
Package pdftex.def Info: WelfareDecomp.png  used on input line 658.
(pdftex.def)             Requested size: 469.75502pt x 281.8201pt.

Underfull \hbox (badness 1314) in paragraph at lines 660--660
 \OT1/ppl/m/n/8 ues mean higher wel-fare gains. So-cial wel-fare is the pop-u-l
a-tion weighted av-er-age of wel-fare by type. 
 []


Underfull \hbox (badness 1038) in paragraph at lines 660--660
 \OT1/ppl/m/n/8 lined in Ap-pendix [][]E.3[][]. The sum of com-po-nents add to 
the com-pen-sat-ing vari-a-tion re-ported in Fig-ure [][]3[][].| 
 []

<WelfareDecompNoFund.png, id=1301, 711.1368pt x 426.6339pt>
File: WelfareDecompNoFund.png Graphic file (type png)
<use WelfareDecompNoFund.png>
Package pdftex.def Info: WelfareDecompNoFund.png  used on input line 667.
(pdftex.def)             Requested size: 469.75502pt x 281.8201pt.
<IncomeDensityGradCtfl.png, id=1304, 682.7106pt x 426.6339pt>
File: IncomeDensityGradCtfl.png Graphic file (type png)
<use IncomeDensityGradCtfl.png>
Package pdftex.def Info: IncomeDensityGradCtfl.png  used on input line 676.
(pdftex.def)             Requested size: 469.75502pt x 293.56396pt.
<IncomeSortingMovement.png, id=1309, 853.5087pt x 511.9125pt>
File: IncomeSortingMovement.png Graphic file (type png)
<use IncomeSortingMovement.png>
Package pdftex.def Info: IncomeSortingMovement.png  used on input line 690.
(pdftex.def)             Requested size: 853.50662pt x 511.91125pt.
<StringencyChangeLandVal.png, id=1310, 569.0058pt x 341.3553pt>
File: StringencyChangeLandVal.png Graphic file (type png)
<use StringencyChangeLandVal.png>
Package pdftex.def Info: StringencyChangeLandVal.png  used on input line 700.
(pdftex.def)             Requested size: 469.75502pt x 281.8143pt.

Underfull \hbox (badness 1394) in paragraph at lines 702--702
 []|\OT1/ppl/m/n/8 Changes in land val-ues by reg-u-la-tory strin-gency in the 
base-line equi-lib-rium (from Equa-tion [][]2[][]). Data 
 []


Underfull \hbox (badness 1215) in paragraph at lines 702--702
 \OT1/ppl/m/n/8 gen-er-ated from the en-doge-nous ameni-ties coun-ter-fac-tual 
is scat-tered in black. Lin-ear fits on data gen- 
 []


Underfull \hbox (badness 2096) in paragraph at lines 702--702
 \OT1/ppl/m/n/8 er-ated by en-doge-nous and ex-oge-nous amenity coun-ter-fac-tu
-als are in red and blue, re-spec-tively.| 
 []

[40 <./income_combined.png> <./incomestringency_combined.png>] [41 <./Welfare.p
ng> <./WelfarePooled.png>] [42 <./WelfareDecomp.png> <./WelfareDecompNoFund.png
>] [43 <./IncomeDensityGradCtfl.png>] [44 <./IncomeSortingMovement.png (PNG cop
y)>] [45 <./StringencyChangeLandVal.png (PNG copy)>]
<SF_combined.png, id=1347, 1422.5145pt x 1422.5145pt>
File: SF_combined.png Graphic file (type png)
<use SF_combined.png>
Package pdftex.def Info: SF_combined.png  used on input line 709.
(pdftex.def)             Requested size: 563.69951pt x 607.06769pt.
 [46 <./SF_combined.png (PNG copy)>] (FullIVBartlett_byIncomeType.tex) (LabourP
rod_dfCtfls.tex) [47


]
[48

] [49] [50

]
Package hyperref Info: bookmark level for unknown algorithm defaults to 0 on in
put line 824.
<HaywardZoningDistricts.png, id=1416, 995.6397pt x 622.2447pt>
File: HaywardZoningDistricts.png Graphic file (type png)
<use HaywardZoningDistricts.png>
Package pdftex.def Info: HaywardZoningDistricts.png  used on input line 854.
(pdftex.def)             Requested size: 469.75502pt x 293.58492pt.
 [51] [52 <./HaywardZoningDistricts.png (PNG copy)>]
<HaywardLotSizeDist.png, id=1435, 682.7106pt x 426.6339pt>
File: HaywardLotSizeDist.png Graphic file (type png)
<use HaywardLotSizeDist.png>
Package pdftex.def Info: HaywardLotSizeDist.png  used on input line 870.
(pdftex.def)             Requested size: 469.75502pt x 293.56396pt.
 [53

 <./HaywardLotSizeDist.png>] [54]
<HaywardMinimumLotSizes.png, id=1463, 995.6397pt x 622.2447pt>
File: HaywardMinimumLotSizes.png Graphic file (type png)
<use HaywardMinimumLotSizes.png>
Package pdftex.def Info: HaywardMinimumLotSizes.png  used on input line 909.
(pdftex.def)             Requested size: 469.75502pt x 293.58492pt.
 [55 <./HaywardMinimumLotSizes.png (PNG copy)>]
[56

] [57]
<Facts_incomeStringency_boxplot.png, id=1495, 511.9125pt x 426.6339pt>
File: Facts_incomeStringency_boxplot.png Graphic file (type png)
<use Facts_incomeStringency_boxplot.png>
Package pdftex.def Info: Facts_incomeStringency_boxplot.png  used on input line
 936.
(pdftex.def)             Requested size: 469.75502pt x 391.4989pt.
 [58

 <./Facts_incomeStringency_boxplot.png>]
(Facts_summarystats_superstar.tex)
Underfull \hbox (badness 3078) in paragraph at lines 948--948
 []|\OT1/ppl/m/n/8 Sum-mary statis-tics. "Unit Den-sity Re-stric-tion" refers t
o the mea-sured phys-i-cal unit den-sity re-stric-tion that en-ters into Equa-t
ion [], and is mea-sured in Ap-pendix [][]A.3[][]. "Reg-u-lated Hous-ing Units"
 refers to 
 []


Underfull \hbox (badness 3460) in paragraph at lines 948--948
 \OT1/ppl/m/n/8 the share of hous-ing units in sin-gle fam-ily homes, du-plexes
, triplexes and four-plexes. Land Value Den-sity is mea-sured in Ap-pendix [][]
A.3[][] and en-ters into []. "Strin-gency mea-sure" is the em-pir-i-cal reg-u-l
a- 
 []


Underfull \hbox (badness 3019) in paragraph at lines 948--948
 \OT1/ppl/m/n/8 tory strin-gency mea-sure in-tro-duced in Equa-tion []. Vari-a-
tion in non-miss-ing data are a re-sult of ei-ther 1) in-com-plete trans-ac-tio
ns cov-er-age or 2) ad-di-tional clean-ing pro-ce-dures de-scribed in Ap-pendix
 [][]A.3[][].| 
 []

[59]
<ProductivityStringency.png, id=1523, 853.5087pt x 511.9125pt>
File: ProductivityStringency.png Graphic file (type png)
<use ProductivityStringency.png>
Package pdftex.def Info: ProductivityStringency.png  used on input line 956.
(pdftex.def)             Requested size: 516.73338pt x 309.92282pt.

Overfull \hbox (46.97836pt too wide) in paragraph at lines 956--957
[][] 
 []

[60


 <./ProductivityStringency.png (PNG copy)>]
<CBD_combined.png, id=1541, 682.7106pt x 426.6339pt>
File: CBD_combined.png Graphic file (type png)
<use CBD_combined.png>
Package pdftex.def Info: CBD_combined.png  used on input line 973.
(pdftex.def)             Requested size: 516.73338pt x 322.9171pt.
<income_2010.png, id=1549, 682.7106pt x 426.6339pt>
File: income_2010.png Graphic file (type png)
<use income_2010.png>
Package pdftex.def Info: income_2010.png  used on input line 982.
(pdftex.def)             Requested size: 422.77664pt x 264.2043pt.
 [61

 <./CBD_combined.png>]
[62 <./income_2010.png>] [63

]

Package hyperref Warning: Token not allowed in a PDF string (PDFDocEncoding):
(hyperref)                removing `\hbox' on input line 1010.


Package hyperref Warning: Token not allowed in a PDF string (PDFDocEncoding):
(hyperref)                removing `\mathsurround' on input line 1010.


Package hyperref Warning: Token not allowed in a PDF string (PDFDocEncoding):
(hyperref)                removing `\z@' on input line 1010.


Package hyperref Warning: Token not allowed in a PDF string (PDFDocEncoding):
(hyperref)                removing `\unskip' on input line 1010.


Package hyperref Warning: Token not allowed in a PDF string (PDFDocEncoding):
(hyperref)                removing `\@@italiccorr' on input line 1010.

[64

] [65

] [66]
Overfull \hbox (18.02159pt too wide) in paragraph at lines 1074--1074
\OT1/ppl/m/n/12 pro-vi-sion of the pub-lic good $\OML/cmm/m/it/12 K$ \OT1/ppl/m
/n/12 is $\OML/cmm/m/it/12 t[][]$\OT1/ppl/m/n/12 . Then, amenity val-ues are $\
OML/cmm/m/it/12 b\OT1/cmr/m/n/12 (\OML/cmm/m/it/12 i; z\OT1/cmr/m/n/12 ) = \OML
/cmm/m/it/12 t[][][][][]\OT1/cmr/m/n/12 (\OML/cmm/m/it/12 i; z\OT1/cmr/m/n/12 
)$\OT1/ppl/m/n/12 .
 []

[67

] [68]
Package hyperref Info: bookmark level for unknown Lemma defaults to 0 on input 
line 1092.
 [69

]
Underfull \hbox (badness 10000) in paragraph at lines 1129--1130

 []


Overfull \hbox (25.62355pt too wide) in paragraph at lines 1156--1157
 [] \OT1/ppl/m/n/12 It re-mains to show $\OML/cmm/m/it/12 b\OT1/cmr/m/n/12 )$\O
T1/ppl/m/n/12 . Sup-pose, for con-tra-dic-tion, that $\OML/cmm/m/it/12 L\OT1/cm
r/m/n/12 (\OML/cmm/m/it/12 i[]; c[]; z[]\OT1/cmr/m/n/12 ) \OML/cmm/m/it/12 > \O
T1/cmr/m/n/12 0$ \OT1/ppl/m/n/12 and $\OML/cmm/m/it/12 L\OT1/cmr/m/n/12 (\OML/c
mm/m/it/12 i[]; c[]; z[]\OT1/cmr/m/n/12 ) =
 []

[70] [71] [72

]
Overfull \hbox (2.8252pt too wide) in paragraph at lines 1212--1213
 [] \OT1/ppl/m/n/12 On the other hand, the us-ing the def-i-ni-tion of $\OT1/cm
r/m/n/12 \OML/cmm/m/it/12 I$\OT1/ppl/m/n/12 , we have that $\OT1/cmr/m/n/12 [
] = [][][\OML/cmm/m/it/12 o\OT1/cmr/m/n/12 (1\OML/cmm/m/it/12 ; z\OT1/cmr/m/n/1
2 ) \OMS/cmsy/m/n/12  
 []

[73] [74] [75] [76] [77

] [78

] (Calibration_summarystats_SuperStar.tex) [79

]
[80]

Package hyperref Warning: Token not allowed in a PDF string (PDFDocEncoding):
(hyperref)                removing `math shift' on input line 1471.


Package hyperref Warning: Token not allowed in a PDF string (PDFDocEncoding):
(hyperref)                removing `\Omega' on input line 1471.


Package hyperref Warning: Token not allowed in a PDF string (PDFDocEncoding):
(hyperref)                removing `math shift' on input line 1471.

[81

] [82] (FirstStageMSACluster.tex) [83

] (OLSMSAClust_byIncomeType.tex)
Underfull \hbox (badness 10000) in paragraph at lines 1524--1524
 []| 
 []

[84

] (FullIVBartlettCluster.tex) [85

] (FullIVBartlettClusterRobust.tex)
[86

] [87] (Placebo_baseline.tex)
Underfull \hbox (badness 3919) in paragraph at lines 1555--1555
 []|\OT1/ppl/m/n/8 Placebo tests. Col-umn (1) re-ports the es-ti-mate of a pool
ed spec-i-fi-ca-tion of []. Col-umn (2) es-ti-mates [] with OLS un-der the as-s
ump-tion that the pooled base-line es-ti-mate of $\OT1/cmr/m/n/8 
(\OML/cmm/m/it/8 z\OT1/cmr/m/n/8 )$ \OT1/ppl/m/n/8 is iden-ti-fied. The re- 
 []


Underfull \hbox (badness 4132) in paragraph at lines 1555--1555
 \OT1/ppl/m/n/8 main-ing columns es-ti-mate [] with IV dis-ag-gre-gated by low,
 medium and high in-come types. All spec-i-fi-ca-tions in-clude MSA fixed ef-fe
cts and stan-dard er-rors are clus-tered us-ing a 35km Bartlett ker- 
 []


Underfull \hbox (badness 3271) in paragraph at lines 1555--1555
 \OT1/ppl/m/n/8 nel. "Lo-cal Slope Con-trol" is the av-er-age slope within the 
block group. $[] []$ is in-stru-mented with the av-er-age slopes of block group
s that have cen-troids within buffer $\OML/cmm/m/it/8 d[]$ \OT1/ppl/m/n/8 and $
\OML/cmm/m/it/8 d[]$\OT1/ppl/m/n/8 . "Base Con-trols" in- 
 []


Underfull \hbox (badness 3623) in paragraph at lines 1555--1555
 \OT1/ppl/m/n/8 clude travel time, build-ing age, pub-lic trans-port and bus sh
ares in com-mut-ing and CBD dis-tance. "Amen/Topo" con-trols in-clude var-i-ous
 ameni-ties (den-sity of cof-fee shops, parks, restau-rants) and var- 
 []


Underfull \hbox (badness 4060) in paragraph at lines 1555--1555
 \OT1/ppl/m/n/8 i-ous to-po-graphic fea-tures (cover of dif-fer-ent types of fo
r-est such as de-cid-u-ous or ev-er-green, wet-lands, peren-nial snow cover). "
Den-sity Con-trol" is the within-MSA den-sity rank-ing of the block group.| 
 []

[88]
Underfull \hbox (badness 10000) in paragraph at lines 1581--1582
[]\OT1/ppl/m/n/12 Solve for hous-ing prices $\OML/cmm/m/it/12 P[]\OT1/cmr/m/n/1
2 (\OML/cmm/m/it/12 i\OT1/cmr/m/n/12 )$ \OT1/ppl/m/n/12 to clear mar-kets given
 cur-rent
 []

[89


] [90

]
Overfull \hbox (21.67773pt too wide) in paragraph at lines 1653--1655
\OT1/ppl/m/n/12 with an anal-o-gous def-i-ni-tion for ameni-ties. By def-i-ni-t
ion, $\OML/cmm/m/it/12 S[]\OT1/cmr/m/n/12 (\OML/cmm/m/it/12 z\OT1/cmr/m/n/12 ) 
+ \OML/cmm/m/it/12 S[]\OT1/cmr/m/n/12 (\OML/cmm/m/it/12 z\OT1/cmr/m/n/12 ) = []
 [](\OML/cmm/m/it/12 C[]\OT1/cmr/m/n/12 (\OML/cmm/m/it/12 z\OT1/cmr/m/n/12 )\OM
L/cmm/m/it/12 ; b[]\OT1/cmr/m/n/12 (\OML/cmm/m/it/12 z\OT1/cmr/m/n/12 )) \OMS/c
msy/m/n/12  
 []

[91

]
<IncomeDensityGradCtfl_alternate.png, id=1876, 682.7106pt x 426.6339pt>
File: IncomeDensityGradCtfl_alternate.png Graphic file (type png)
<use IncomeDensityGradCtfl_alternate.png>
Package pdftex.def Info: IncomeDensityGradCtfl_alternate.png  used on input lin
e 1662.
(pdftex.def)             Requested size: 469.75502pt x 293.56396pt.
 [92

 <./IncomeDensityGradCtfl_alternate.png>] (DRAFT.aux)
Package rerunfilecheck Info: File `DRAFT.out' has not changed.
(rerunfilecheck)             Checksum: AE444D2ED7E94E8ED2C9CC00C291755C;3551.
 )
(\end occurred inside a group at level 1)

### semi simple group (level 1) entered at line 29 (\begingroup)
### bottom level 
Here is how much of TeX's memory you used:
 10931 strings out of 479697
 173726 string characters out of 2867133
 484748 words of memory out of 3000000
 27144 multiletter control sequences out of 15000+200000
 439610 words of font info for 128 fonts, out of 3000000 for 9000
 1141 hyphenation exceptions out of 8191
 66i,14n,72p,3516b,2192s stack positions out of 5000i,500n,10000p,200000b,50000s
pdfTeX warning (dest): name{Hfootnote.68} has been referenced b
ut does not exist, replaced by a fixed one

pdfTeX warning (dest): name{Hfootnote.67} has been referenced but does not exis
t, replaced by a fixed one

pdfTeX warning (dest): name{Hfootnote.66} has been referenced but does not exis
t, replaced by a fixed one

pdfTeX warning (dest): name{Hfootnote.65} has been referenced but does not exis
t, replaced by a fixed one

pdfTeX warning (dest): name{Hfootnote.64} has been referenced but does not exis
t, replaced by a fixed one

pdfTeX warning (dest): name{Hfootnote.63} has been referenced but does not exis
t, replaced by a fixed one

pdfTeX warning (dest): name{Hfootnote.62} has been referenced but does not exis
t, replaced by a fixed one

pdfTeX warning (dest): name{Hfootnote.61} has been referenced but does not exis
t, replaced by a fixed one

pdfTeX warning (dest): name{Hfootnote.60} has been referenced but does not exis
t, replaced by a fixed one

pdfTeX warning (dest): name{Hfootnote.59} has been referenced but does not exis
t, replaced by a fixed one

pdfTeX warning (dest): name{Hfootnote.58} has been referenced but does not exis
t, replaced by a fixed one

pdfTeX warning (dest): name{Hfootnote.57} has been referenced but does not exis
t, replaced by a fixed one

pdfTeX warning (dest): name{Hfootnote.56} has been referenced but does not exis
t, replaced by a fixed one

pdfTeX warning (dest): name{Hfootnote.55} has been referenced but does not exis
t, replaced by a fixed one

pdfTeX warning (dest): name{Hfootnote.54} has been referenced but does not exis
t, replaced by a fixed one

pdfTeX warning (dest): name{Hfootnote.53} has been referenced but does not exis
t, replaced by a fixed one

pdfTeX warning (dest): name{Hfootnote.52} has been referenced but does not exis
t, replaced by a fixed one

pdfTeX warning (dest): name{Hfootnote.51} has been referenced but does not exis
t, replaced by a fixed one

pdfTeX warning (dest): name{Hfootnote.50} has been referenced but does not exis
t, replaced by a fixed one

pdfTeX warning (dest): name{Hfootnote.49} has been referenced but does not exis
t, replaced by a fixed one

pdfTeX warning (dest): name{Hfootnote.48} has been referenced but does not exis
t, replaced by a fixed one

pdfTeX warning (dest): name{Hfootnote.47} has been referenced but does not exis
t, replaced by a fixed one

pdfTeX warning (dest): name{Hfootnote.46} has been referenced but does not exis
t, replaced by a fixed one

pdfTeX warning (dest): name{Hfootnote.45} has been referenced but does not exis
t, replaced by a fixed one

pdfTeX warning (dest): name{Hfootnote.44} has been referenced but does not exis
t, replaced by a fixed one

pdfTeX warning (dest): name{Hfootnote.43} has been referenced but does not exis
t, replaced by a fixed one

pdfTeX warning (dest): name{Hfootnote.42} has been referenced but does not exis
t, replaced by a fixed one

pdfTeX warning (dest): name{Hfootnote.41} has been referenced but does not exis
t, replaced by a fixed one

pdfTeX warning (dest): name{Hfootnote.40} has been referenced but does not exis
t, replaced by a fixed one

pdfTeX warning (dest): name{Hfootnote.39} has been referenced but does not exis
t, replaced by a fixed one

pdfTeX warning (dest): name{Hfootnote.38} has been referenced but does not exis
t, replaced by a fixed one

pdfTeX warning (dest): name{Hfootnote.37} has been referenced but does not exis
t, replaced by a fixed one

pdfTeX warning (dest): name{Hfootnote.36} has been referenced but does not exis
t, replaced by a fixed one

pdfTeX warning (dest): name{Hfootnote.35} has been referenced but does not exis
t, replaced by a fixed one

pdfTeX warning (dest): name{Hfootnote.34} has been referenced but does not exis
t, replaced by a fixed one

pdfTeX warning (dest): name{Hfootnote.33} has been referenced but does not exis
t, replaced by a fixed one

pdfTeX warning (dest): name{Hfootnote.32} has been referenced but does not exis
t, replaced by a fixed one

pdfTeX warning (dest): name{Hfootnote.31} has been referenced but does not exis
t, replaced by a fixed one

pdfTeX warning (dest): name{Hfootnote.30} has been referenced but does not exis
t, replaced by a fixed one

pdfTeX warning (dest): name{Hfootnote.29} has been referenced but does not exis
t, replaced by a fixed one

pdfTeX warning (dest): name{Hfootnote.28} has been referenced but does not exis
t, replaced by a fixed one

pdfTeX warning (dest): name{Hfootnote.27} has been referenced but does not exis
t, replaced by a fixed one

pdfTeX warning (dest): name{Hfootnote.26} has been referenced but does not exis
t, replaced by a fixed one

pdfTeX warning (dest): name{Hfootnote.25} has been referenced but does not exis
t, replaced by a fixed one

pdfTeX warning (dest): name{Hfootnote.24} has been referenced but does not exis
t, replaced by a fixed one

pdfTeX warning (dest): name{Hfootnote.23} has been referenced but does not exis
t, replaced by a fixed one

pdfTeX warning (dest): name{Hfootnote.22} has been referenced but does not exis
t, replaced by a fixed one

pdfTeX warning (dest): name{Hfootnote.21} has been referenced but does not exis
t, replaced by a fixed one

pdfTeX warning (dest): name{Hfootnote.20} has been referenced but does not exis
t, replaced by a fixed one

pdfTeX warning (dest): name{Hfootnote.19} has been referenced but does not exis
t, replaced by a fixed one

pdfTeX warning (dest): name{Hfootnote.18} has been referenced but does not exis
t, replaced by a fixed one

pdfTeX warning (dest): name{Hfootnote.17} has been referenced but does not exis
t, replaced by a fixed one

pdfTeX warning (dest): name{Hfootnote.16} has been referenced but does not exis
t, replaced by a fixed one

pdfTeX warning (dest): name{Hfootnote.15} has been referenced but does not exis
t, replaced by a fixed one

pdfTeX warning (dest): name{Hfootnote.14} has been referenced but does not exis
t, replaced by a fixed one

pdfTeX warning (dest): name{Hfootnote.13} has been referenced but does not exis
t, replaced by a fixed one

pdfTeX warning (dest): name{Hfootnote.12} has been referenced but does not exis
t, replaced by a fixed one

pdfTeX warning (dest): name{Hfootnote.11} has been referenced but does not exis
t, replaced by a fixed one

pdfTeX warning (dest): name{Hfootnote.10} has been referenced but does not exis
t, replaced by a fixed one

pdfTeX warning (dest): name{Hfootnote.9} has been referenced but does not exist
, replaced by a fixed one

pdfTeX warning (dest): name{Hfootnote.8} has been referenced but does not exist
, replaced by a fixed one

pdfTeX warning (dest): name{Hfootnote.7} has been referenced but does not exist
, replaced by a fixed one

pdfTeX warning (dest): name{Hfootnote.6} has been referenced but does not exist
, replaced by a fixed one

pdfTeX warning (dest): name{Hfootnote.5} has been referenced but does not exist
, replaced by a fixed one

pdfTeX warning (dest): name{Hfootnote.4} has been referenced but does not exist
, replaced by a fixed one

pdfTeX warning (dest): name{Hfootnote.3} has been referenced but does not exist
, replaced by a fixed one

pdfTeX warning (dest): name{Hfootnote.2} has been referenced but does not exist
, replaced by a fixed one

pdfTeX warning (dest): name{Hfootnote.1} has been referenced but does not exist
, replaced by a fixed one

{C:/Users/James/AppData/Local/Programs/MiKTeX/fonts/enc/dvips/base/8r.enc}<C:/U
sers/James/AppData/Local/Programs/MiKTeX/fonts/type1/public/amsfonts/cm/cmbx12.
pfb><C:/Users/James/AppData/Local/Programs/MiKTeX/fonts/type1/public/amsfonts/c
m/cmbx8.pfb><C:/Users/James/AppData/Local/Programs/MiKTeX/fonts/type1/public/am
sfonts/cm/cmex10.pfb><C:/Users/James/AppData/Local/Programs/MiKTeX/fonts/type1/
public/amsfonts/cmextra/cmex7.pfb><C:/Users/James/AppData/Local/Programs/MiKTeX
/fonts/type1/public/amsfonts/cmextra/cmex8.pfb><C:/Users/James/AppData/Local/Pr
ograms/MiKTeX/fonts/type1/public/amsfonts/cm/cmmi10.pfb><C:/Users/James/AppData
/Local/Programs/MiKTeX/fonts/type1/public/amsfonts/cm/cmmi12.pfb><C:/Users/Jame
s/AppData/Local/Programs/MiKTeX/fonts/type1/public/amsfonts/cm/cmmi5.pfb><C:/Us
ers/James/AppData/Local/Programs/MiKTeX/fonts/type1/public/amsfonts/cm/cmmi6.pf
b><C:/Users/James/AppData/Local/Programs/MiKTeX/fonts/type1/public/amsfonts/cm/
cmmi7.pfb><C:/Users/James/AppData/Local/Programs/MiKTeX/fonts/type1/public/amsf
onts/cm/cmmi8.pfb><C:/Users/James/AppData/Local/Programs/MiKTeX/fonts/type1/pub
lic/amsfonts/cm/cmmib10.pfb><C:/Users/James/AppData/Local/Programs/MiKTeX/fonts
/type1/public/amsfonts/cmextra/cmmib6.pfb><C:/Users/James/AppData/Local/Program
s/MiKTeX/fonts/type1/public/amsfonts/cmextra/cmmib8.pfb><C:/Users/James/AppData
/Local/Programs/MiKTeX/fonts/type1/public/amsfonts/cm/cmr10.pfb><C:/Users/James
/AppData/Local/Programs/MiKTeX/fonts/type1/public/amsfonts/cm/cmr12.pfb><C:/Use
rs/James/AppData/Local/Programs/MiKTeX/fonts/type1/public/amsfonts/cm/cmr17.pfb
><C:/Users/James/AppData/Local/Programs/MiKTeX/fonts/type1/public/amsfonts/cm/c
mr5.pfb><C:/Users/James/AppData/Local/Programs/MiKTeX/fonts/type1/public/amsfon
ts/cm/cmr6.pfb><C:/Users/James/AppData/Local/Programs/MiKTeX/fonts/type1/public
/amsfonts/cm/cmr7.pfb><C:/Users/James/AppData/Local/Programs/MiKTeX/fonts/type1
/public/amsfonts/cm/cmr8.pfb><C:/Users/James/AppData/Local/Programs/MiKTeX/font
s/type1/public/amsfonts/cm/cmsy10.pfb><C:/Users/James/AppData/Local/Programs/Mi
KTeX/fonts/type1/public/amsfonts/cm/cmsy5.pfb><C:/Users/James/AppData/Local/Pro
grams/MiKTeX/fonts/type1/public/amsfonts/cm/cmsy6.pfb><C:/Users/James/AppData/L
ocal/Programs/MiKTeX/fonts/type1/public/amsfonts/cm/cmsy7.pfb><C:/Users/James/A
ppData/Local/Programs/MiKTeX/fonts/type1/public/amsfonts/cm/cmsy8.pfb><C:/Users
/James/AppData/Local/Programs/MiKTeX/fonts/type1/public/amsfonts/symbols/msbm10
.pfb><C:/Users/James/AppData/Local/Programs/MiKTeX/fonts/type1/urw/palatino/upl
b8a.pfb><C:/Users/James/AppData/Local/Programs/MiKTeX/fonts/type1/urw/palatino/
uplbi8a.pfb><C:/Users/James/AppData/Local/Programs/MiKTeX/fonts/type1/urw/palat
ino/uplr8a.pfb><C:/Users/James/AppData/Local/Programs/MiKTeX/fonts/type1/urw/pa
latino/uplri8a.pfb>
Output written on DRAFT.pdf (92 pages, 27638362 bytes).
PDF statistics:
 2105 PDF objects out of 2487 (max. 8388607)
 591 named destinations out of 1000 (max. 500000)
 475 words of extra memory for PDF output out of 10000 (max. 10000000)

